This is pdfTeX, Version 3.14159265-2.6-1.40.20 (MiKTeX 2.9.7140 64-bit) (preloaded format=pdflatex 2020.6.2)  12 JUN 2020 18:17
entering extended mode
**./Memoire_Stephane_Nkeuga.tex
(Memoire_Stephane_Nkeuga.tex
LaTeX2e <2018-12-01>
("C:\Program Files\MiKTeX 2.9\tex/latex/base\report.cls"
Document Class: report 2018/09/03 v1.4i Standard LaTeX document class
("C:\Program Files\MiKTeX 2.9\tex/latex/base\size12.clo"
File: size12.clo 2018/09/03 v1.4i Standard LaTeX file (size option)
)
\c@part=\count80
\c@chapter=\count81
\c@section=\count82
\c@subsection=\count83
\c@subsubsection=\count84
\c@paragraph=\count85
\c@subparagraph=\count86
\c@figure=\count87
\c@table=\count88
\abovecaptionskip=\skip41
\belowcaptionskip=\skip42
\bibindent=\dimen102
) (config.tex
("C:\Program Files\MiKTeX 2.9\tex/latex/base\fontenc.sty"
Package: fontenc 2018/08/11 v2.0j Standard LaTeX package

("C:\Program Files\MiKTeX 2.9\tex/latex/base\t1enc.def"
File: t1enc.def 2018/08/11 v2.0j Standard LaTeX file
LaTeX Font Info:    Redeclaring font encoding T1 on input line 48.
))
("C:\Program Files\MiKTeX 2.9\tex/latex/base\inputenc.sty"
Package: inputenc 2018/08/11 v1.3c Input encoding file
\inpenc@prehook=\toks14
\inpenc@posthook=\toks15

("C:\Program Files\MiKTeX 2.9\tex/latex/base\latin1.def"
File: latin1.def 2018/08/11 v1.3c Input encoding file
))
("C:\Program Files\MiKTeX 2.9\tex/generic/babel\babel.sty"
Package: babel 2019/07/19 3.33 The Babel package

("C:\Program Files\MiKTeX 2.9\tex/generic/babel\switch.def"
File: switch.def 2019/07/19 3.33 Babel switching mechanism
)
*************************************
* Local config file bblopts.cfg used
*
("C:\Program Files\MiKTeX 2.9\tex/latex/arabi\bblopts.cfg"
File: bblopts.cfg 2005/09/08 v0.1 add Arabic and Farsi to "declared" options of
 babel
)
("C:\Program Files\MiKTeX 2.9\tex/generic/babel-french\french.ldf"
Language: french 2019/03/30 v3.5e French support from the babel system

("C:\Program Files\MiKTeX 2.9\tex/generic/babel\babel.def"
File: babel.def 2019/07/19 3.33 Babel common definitions
\babel@savecnt=\count89
\U@D=\dimen103

("C:\Program Files\MiKTeX 2.9\tex/generic/babel\txtbabel.def")
\bbl@dirlevel=\count90
)
\l@acadian = a dialect from \language\l@french 
\FB@nonchar=\count91
Package babel Info: Making : an active character on input line 414.
Package babel Info: Making ; an active character on input line 415.
Package babel Info: Making ! an active character on input line 416.
Package babel Info: Making ? an active character on input line 417.
\FBguill@level=\count92
\FBold@everypar=\toks16
\FB@Mht=\dimen104
\mc@charclass=\count93
\mc@charfam=\count94
\mc@charslot=\count95
\std@mcc=\count96
\dec@mcc=\count97
\c@FBcaption@count=\count98
\listindentFB=\dimen105
\descindentFB=\dimen106
\labelindentFB=\dimen107
\labelwidthFB=\dimen108
\leftmarginFB=\dimen109
\parindentFFN=\dimen110
\FBfnindent=\dimen111
))
("C:\Program Files\MiKTeX 2.9\tex/latex/carlisle\scalefnt.sty")
("C:\Program Files\MiKTeX 2.9\tex/latex/graphics\keyval.sty"
Package: keyval 2014/10/28 v1.15 key=value parser (DPC)
\KV@toks@=\toks17
)
("C:\Program Files\MiKTeX 2.9\tex/latex/lm\lmodern.sty"
Package: lmodern 2009/10/30 v1.6 Latin Modern Fonts
LaTeX Font Info:    Overwriting symbol font `operators' in version `normal'
(Font)                  OT1/cmr/m/n --> OT1/lmr/m/n on input line 22.
LaTeX Font Info:    Overwriting symbol font `letters' in version `normal'
(Font)                  OML/cmm/m/it --> OML/lmm/m/it on input line 23.
LaTeX Font Info:    Overwriting symbol font `symbols' in version `normal'
(Font)                  OMS/cmsy/m/n --> OMS/lmsy/m/n on input line 24.
LaTeX Font Info:    Overwriting symbol font `largesymbols' in version `normal'
(Font)                  OMX/cmex/m/n --> OMX/lmex/m/n on input line 25.
LaTeX Font Info:    Overwriting symbol font `operators' in version `bold'
(Font)                  OT1/cmr/bx/n --> OT1/lmr/bx/n on input line 26.
LaTeX Font Info:    Overwriting symbol font `letters' in version `bold'
(Font)                  OML/cmm/b/it --> OML/lmm/b/it on input line 27.
LaTeX Font Info:    Overwriting symbol font `symbols' in version `bold'
(Font)                  OMS/cmsy/b/n --> OMS/lmsy/b/n on input line 28.
LaTeX Font Info:    Overwriting symbol font `largesymbols' in version `bold'
(Font)                  OMX/cmex/m/n --> OMX/lmex/m/n on input line 29.
LaTeX Font Info:    Overwriting math alphabet `\mathbf' in version `normal'
(Font)                  OT1/cmr/bx/n --> OT1/lmr/bx/n on input line 31.
LaTeX Font Info:    Overwriting math alphabet `\mathsf' in version `normal'
(Font)                  OT1/cmss/m/n --> OT1/lmss/m/n on input line 32.
LaTeX Font Info:    Overwriting math alphabet `\mathit' in version `normal'
(Font)                  OT1/cmr/m/it --> OT1/lmr/m/it on input line 33.
LaTeX Font Info:    Overwriting math alphabet `\mathtt' in version `normal'
(Font)                  OT1/cmtt/m/n --> OT1/lmtt/m/n on input line 34.
LaTeX Font Info:    Overwriting math alphabet `\mathbf' in version `bold'
(Font)                  OT1/cmr/bx/n --> OT1/lmr/bx/n on input line 35.
LaTeX Font Info:    Overwriting math alphabet `\mathsf' in version `bold'
(Font)                  OT1/cmss/bx/n --> OT1/lmss/bx/n on input line 36.
LaTeX Font Info:    Overwriting math alphabet `\mathit' in version `bold'
(Font)                  OT1/cmr/bx/it --> OT1/lmr/bx/it on input line 37.
LaTeX Font Info:    Overwriting math alphabet `\mathtt' in version `bold'
(Font)                  OT1/cmtt/m/n --> OT1/lmtt/m/n on input line 38.
)
("C:\Program Files\MiKTeX 2.9\tex/latex/amsmath\amsmath.sty"
Package: amsmath 2018/12/01 v2.17b AMS math features
\@mathmargin=\skip43

For additional information on amsmath, use the `?' option.
("C:\Program Files\MiKTeX 2.9\tex/latex/amsmath\amstext.sty"
Package: amstext 2000/06/29 v2.01 AMS text

("C:\Program Files\MiKTeX 2.9\tex/latex/amsmath\amsgen.sty"
File: amsgen.sty 1999/11/30 v2.0 generic functions
\@emptytoks=\toks18
\ex@=\dimen112
))
("C:\Program Files\MiKTeX 2.9\tex/latex/amsmath\amsbsy.sty"
Package: amsbsy 1999/11/29 v1.2d Bold Symbols
\pmbraise@=\dimen113
)
("C:\Program Files\MiKTeX 2.9\tex/latex/amsmath\amsopn.sty"
Package: amsopn 2016/03/08 v2.02 operator names
)
\inf@bad=\count99
LaTeX Info: Redefining \frac on input line 223.
\uproot@=\count100
\leftroot@=\count101
LaTeX Info: Redefining \overline on input line 385.
\classnum@=\count102
\DOTSCASE@=\count103
LaTeX Info: Redefining \ldots on input line 482.
LaTeX Info: Redefining \dots on input line 485.
LaTeX Info: Redefining \cdots on input line 606.
\Mathstrutbox@=\box27
\strutbox@=\box28
\big@size=\dimen114
LaTeX Font Info:    Redeclaring font encoding OML on input line 729.
LaTeX Font Info:    Redeclaring font encoding OMS on input line 730.
\macc@depth=\count104
\c@MaxMatrixCols=\count105
\dotsspace@=\muskip10
\c@parentequation=\count106
\dspbrk@lvl=\count107
\tag@help=\toks19
\row@=\count108
\column@=\count109
\maxfields@=\count110
\andhelp@=\toks20
\eqnshift@=\dimen115
\alignsep@=\dimen116
\tagshift@=\dimen117
\tagwidth@=\dimen118
\totwidth@=\dimen119
\lineht@=\dimen120
\@envbody=\toks21
\multlinegap=\skip44
\multlinetaggap=\skip45
\mathdisplay@stack=\toks22
LaTeX Info: Redefining \[ on input line 2844.
LaTeX Info: Redefining \] on input line 2845.
)
("C:\Program Files\MiKTeX 2.9\tex/latex/minitoc\minitoc.sty"
Package: minitoc 2018/07/12 v62 Package minitoc

("C:\Program Files\MiKTeX 2.9\tex/latex/minitoc\mtcmess.sty"
Package: mtcmess 2006/03/14
)
Package minitoc Info: I0001
(minitoc)             *** minitoc package, version 62 ***.
\tf@mtc=\write3
\mtcindent=\skip46
\mtcskipamount=\skip47
Package minitoc Info: I0005
(minitoc)             compatible with hyperref.
Package minitoc Info: I0023
(minitoc)             part level macros available.
Package minitoc Info: I0003
(minitoc)             chapter level macros available.
\mtc@toks=\toks23
\mtc@strutbox=\box29
\mtc@hstrutbox=\box30
Package minitoc Info: I0002
(minitoc)             Autoconfiguration of extensions.
\openout3 = `Memoire_Stephane_Nkeuga.mtc0'.

\openout3 = `Memoire_Stephane_Nkeuga.mtc'.


(Memoire_Stephane_Nkeuga.mtc0)
Package minitoc Info: I0012
(minitoc)             Long extensions (Unix-like) will be used.
Package minitoc Info: I0031
(minitoc)             ==> this version is configured for UNIX-like 
(minitoc)                 (long extensions) file names.
\openout3 = `Memoire_Stephane_Nkeuga.mtc'.

\openout3 = `Memoire_Stephane_Nkeuga.mtc0'.

\c@mtc=\count111
\c@minitocdepth=\count112
\c@ptc=\count113
\c@parttocdepth=\count114
\ptcindent=\skip48
Package minitoc Info: I0010
(minitoc)             The english language is selected.
(minitoc)              on input line 4910.

("C:\Program Files\MiKTeX 2.9\tex/latex/minitoc\english.mld"
File: english.mld 2006/01/13
)
("C:\Program Files\MiKTeX 2.9\tex/latex/minitoc\english.mld"
File: english.mld 2006/01/13
))
(classicthesis.sty
Package: classicthesis 2015/09/06 v4.2 Typographic style for a classic-looking 
thesis
 ("C:\Program Files\MiKTeX 2.9\tex/latex/base\ifthen.sty"
Package: ifthen 2014/09/29 v1.1c Standard LaTeX ifthen package (DPC)
)
("C:\Program Files\MiKTeX 2.9\tex/generic/iftex\ifpdf.sty"
Package: ifpdf 2019/10/25 v3.4 ifpdf legacy package. Use iftex instead.

("C:\Program Files\MiKTeX 2.9\tex/generic/iftex\iftex.sty"
Package: iftex 2020/03/06 v1.0d TeX engine tests
))
("C:\Program Files\MiKTeX 2.9\tex/latex/hyperref\hyperref.sty"
Package: hyperref 2019/06/12 v6.88h Hypertext links for LaTeX

("C:\Program Files\MiKTeX 2.9\tex/latex/hobsub\hobsub-hyperref.sty"
Package: hobsub-hyperref 2019-11-14
hobsub not currently supported, see hobsub.dtx to extract original code

("C:\Program Files\MiKTeX 2.9\tex/generic/ltxcmds\ltxcmds.sty"
Package: ltxcmds 2019/12/15 v1.24 LaTeX kernel commands for general use (HO)
)
("C:\Program Files\MiKTeX 2.9\tex/generic/iftex\ifvtex.sty"
Package: ifvtex 2019/10/25 v1.7 ifvtex legacy package. Use iftex instead.
)
("C:\Program Files\MiKTeX 2.9\tex/latex/pdftexcmds\pdftexcmds.sty"
Package: pdftexcmds 2019/11/24 v0.31 Utility functions of pdfTeX for LuaTeX (HO
)

("C:\Program Files\MiKTeX 2.9\tex/generic/infwarerr\infwarerr.sty"
Package: infwarerr 2019/12/03 v1.5 Providing info/warning/error messages (HO)
)
Package pdftexcmds Info: \pdf@primitive is available.
Package pdftexcmds Info: \pdf@ifprimitive is available.
Package pdftexcmds Info: \pdfdraftmode found.
)
("C:\Program Files\MiKTeX 2.9\tex/generic/kvsetkeys\kvsetkeys.sty"
Package: kvsetkeys 2019/12/15 v1.18 Key value parser (HO)
)
("C:\Program Files\MiKTeX 2.9\tex/generic/kvdefinekeys\kvdefinekeys.sty"
Package: kvdefinekeys 2019-12-19 v1.6 Define keys (HO)
)
("C:\Program Files\MiKTeX 2.9\tex/generic/pdfescape\pdfescape.sty"
Package: pdfescape 2019/12/09 v1.15 Implements pdfTeX's escape features (HO)
)
("C:\Program Files\MiKTeX 2.9\tex/latex/hycolor\hycolor.sty"
Package: hycolor 2020-01-27 v1.10 Color options for hyperref/bookmark (HO)
)
("C:\Program Files\MiKTeX 2.9\tex/latex/letltxmacro\letltxmacro.sty"
Package: letltxmacro 2019/12/03 v1.6 Let assignment for LaTeX macros (HO)
))
("C:\Program Files\MiKTeX 2.9\tex/latex/auxhook\auxhook.sty"
Package: auxhook 2019-12-17 v1.6 Hooks for auxiliary files (HO)
)
("C:\Program Files\MiKTeX 2.9\tex/generic/iftex\ifxetex.sty"
Package: ifxetex 2019/10/25 v0.7 ifxetex legacy package. Use iftex instead.
)
("C:\Program Files\MiKTeX 2.9\tex/latex/kvoptions\kvoptions.sty"
Package: kvoptions 2019/11/29 v3.13 Key value format for package options (HO)
)
\@linkdim=\dimen121
\Hy@linkcounter=\count115
\Hy@pagecounter=\count116

("C:\Program Files\MiKTeX 2.9\tex/latex/hyperref\pd1enc.def"
File: pd1enc.def 2019/06/12 v6.88h Hyperref: PDFDocEncoding definition (HO)
Now handling font encoding PD1 ...
... no UTF-8 mapping file for font encoding PD1
)
("C:\Program Files\MiKTeX 2.9\tex/generic/intcalc\intcalc.sty"
Package: intcalc 2019/12/15 v1.3 Expandable calculations with integers (HO)
)
("C:\Program Files\MiKTeX 2.9\tex/generic/etexcmds\etexcmds.sty"
Package: etexcmds 2019/12/15 v1.7 Avoid name clashes with e-TeX commands (HO)
)
\Hy@SavedSpaceFactor=\count117
Package hyperref Info: Hyper figures OFF on input line 4550.
Package hyperref Info: Link nesting OFF on input line 4555.
Package hyperref Info: Hyper index ON on input line 4558.
Package hyperref Info: Plain pages OFF on input line 4565.
Package hyperref Info: Backreferencing OFF on input line 4570.
Package hyperref Info: Implicit mode ON; LaTeX internals redefined.
Package hyperref Info: Bookmarks ON on input line 4803.
\c@Hy@tempcnt=\count118

("C:\Program Files\MiKTeX 2.9\tex/latex/url\url.sty"
\Urlmuskip=\muskip11
Package: url 2013/09/16  ver 3.4  Verb mode for urls, etc.
)
LaTeX Info: Redefining \url on input line 5156.
\XeTeXLinkMargin=\dimen122

("C:\Program Files\MiKTeX 2.9\tex/generic/bitset\bitset.sty"
Package: bitset 2019/12/09 v1.3 Handle bit-vector datatype (HO)

("C:\Program Files\MiKTeX 2.9\tex/generic/bigintcalc\bigintcalc.sty"
Package: bigintcalc 2019/12/15 v1.5 Expandable calculations on big integers (HO
)
))
\Fld@menulength=\count119
\Field@Width=\dimen123
\Fld@charsize=\dimen124
Package hyperref Info: Hyper figures OFF on input line 6411.
Package hyperref Info: Link nesting OFF on input line 6416.
Package hyperref Info: Hyper index ON on input line 6419.
Package hyperref Info: backreferencing OFF on input line 6426.
Package hyperref Info: Link coloring OFF on input line 6431.
Package hyperref Info: Link coloring with OCG OFF on input line 6436.
Package hyperref Info: PDF/A mode OFF on input line 6441.
LaTeX Info: Redefining \ref on input line 6481.
LaTeX Info: Redefining \pageref on input line 6485.

("C:\Program Files\MiKTeX 2.9\tex/generic/atbegshi\atbegshi.sty"
Package: atbegshi 2019/12/05 v1.19 At begin shipout hook (HO)
)
\Hy@abspage=\count120
\c@Item=\count121
\c@Hfootnote=\count122
)
Package hyperref Info: Driver (autodetected): hpdftex.

("C:\Program Files\MiKTeX 2.9\tex/latex/hyperref\hpdftex.def"
File: hpdftex.def 2019/06/12 v6.88h Hyperref driver for pdfTeX

("C:\Program Files\MiKTeX 2.9\tex/latex/atveryend\atveryend.sty"
Package: atveryend 2019-12-11 v1.11 Hooks at the very end of document (HO)
Package atveryend Info: \enddocument detected (standard20110627).
)
\Fld@listcount=\count123
\c@bookmark@seq@number=\count124

("C:\Program Files\MiKTeX 2.9\tex/latex/rerunfilecheck\rerunfilecheck.sty"
Package: rerunfilecheck 2019/12/05 v1.9 Rerun checks for auxiliary files (HO)

("C:\Program Files\MiKTeX 2.9\tex/generic/uniquecounter\uniquecounter.sty"
Package: uniquecounter 2019/12/15 v1.4 Provide unlimited unique counter (HO)
)
Package uniquecounter Info: New unique counter `rerunfilecheck' on input line 2
86.
)
\Hy@SectionHShift=\skip49
)
("C:\Program Files\MiKTeX 2.9\tex/latex/xcolor\xcolor.sty"
Package: xcolor 2016/05/11 v2.12 LaTeX color extensions (UK)

("C:\Program Files\MiKTeX 2.9\tex/latex/graphics-cfg\color.cfg"
File: color.cfg 2016/01/02 v1.6 sample color configuration
)
Package xcolor Info: Driver file: pdftex.def on input line 225.

("C:\Program Files\MiKTeX 2.9\tex/latex/graphics-def\pdftex.def"
File: pdftex.def 2018/01/08 v1.0l Graphics/color driver for pdftex
)
Package xcolor Info: Model `cmy' substituted by `cmy0' on input line 1348.
Package xcolor Info: Model `hsb' substituted by `rgb' on input line 1352.
Package xcolor Info: Model `RGB' extended on input line 1364.
Package xcolor Info: Model `HTML' substituted by `rgb' on input line 1366.
Package xcolor Info: Model `Hsb' substituted by `hsb' on input line 1367.
Package xcolor Info: Model `tHsb' substituted by `hsb' on input line 1368.
Package xcolor Info: Model `HSB' substituted by `hsb' on input line 1369.
Package xcolor Info: Model `Gray' substituted by `gray' on input line 1370.
Package xcolor Info: Model `wave' substituted by `hsb' on input line 1371.

("C:\Program Files\MiKTeX 2.9\tex/latex/graphics\dvipsnam.def"
File: dvipsnam.def 2016/06/17 v3.0m Driver-dependent file (DPC,SPQR)
))
("C:\Program Files\MiKTeX 2.9\tex/latex/psnfss\mathpazo.sty"
Package: mathpazo 2005/04/12 PSNFSS-v9.2a Palatino w/ Pazo Math (D.Puga, WaS) 
\symupright=\mathgroup4
)
("C:\Program Files\MiKTeX 2.9\tex/latex/microtype\microtype.sty"
Package: microtype 2019/11/18 v2.7d Micro-typographical refinements (RS)
\MT@toks=\toks24
\MT@count=\count125
LaTeX Info: Redefining \textls on input line 790.
\MT@outer@kern=\dimen125
LaTeX Info: Redefining \textmicrotypecontext on input line 1354.
\MT@listname@count=\count126

("C:\Program Files\MiKTeX 2.9\tex/latex/microtype\microtype-pdftex.def"
File: microtype-pdftex.def 2019/11/18 v2.7d Definitions specific to pdftex (RS)

LaTeX Info: Redefining \lsstyle on input line 914.
LaTeX Info: Redefining \lslig on input line 914.
\MT@outer@space=\skip50
)
Package microtype Info: Loading configuration file microtype.cfg.

("C:\Program Files\MiKTeX 2.9\tex/latex/microtype\microtype.cfg"
File: microtype.cfg 2019/11/18 v2.7d microtype main configuration file (RS)
))
("C:\Program Files\MiKTeX 2.9\tex/latex/koma-script\typearea.sty"
Package: typearea 2020/04/19 v3.30 KOMA-Script package (type area)

("C:\Program Files\MiKTeX 2.9\tex/latex/koma-script\scrkbase.sty"
Package: scrkbase 2020/04/19 v3.30 KOMA-Script package (KOMA-Script-dependent b
asics and keyval usage)

("C:\Program Files\MiKTeX 2.9\tex/latex/koma-script\scrbase.sty"
Package: scrbase 2020/04/19 v3.30 KOMA-Script package (KOMA-Script-independent 
basics and keyval usage)

("C:\Program Files\MiKTeX 2.9\tex/latex/koma-script\scrlfile.sty"
Package: scrlfile 2020/04/19 v3.30 KOMA-Script package (loading files)
)))
\ta@bcor=\skip51
\ta@div=\count127
\ta@hblk=\skip52
\ta@vblk=\skip53
\ta@temp=\skip54
\footheight=\skip55
LaTeX Font Info:    Try loading font information for T1+pplj on input line 1738
.

("C:\Program Files\MiKTeX 2.9\tex/latex/psnfss\t1pplj.fd"
File: t1pplj.fd 2004/09/06 font definitions for T1/pplj.
)
Package typearea Info: These are the values describing the layout:
(typearea)             DIV  = 12
(typearea)             BCOR = 0.0pt
(typearea)             \paperwidth      = 597.50793pt
(typearea)              \textwidth      = 448.13095pt
(typearea)              DIV departure   = 0%
(typearea)              \evensidemargin = 2.4185pt
(typearea)              \oddsidemargin  = 2.4185pt
(typearea)             \paperheight     = 845.04694pt
(typearea)              \textheight     = 636.2265pt
(typearea)              \topmargin      = -43.71826pt
(typearea)              \headheight     = 19.0313pt
(typearea)              \headsep        = 22.83755pt
(typearea)              \topskip        = 12.0pt
(typearea)              \footskip       = 53.28763pt
(typearea)              \baselineskip   = 15.22504pt
(typearea)              on input line 1738.
)
Package classicthesis Info: A4 paper, Palatino or other on input line 272.
Package typearea Info: These are the values describing the layout:
(typearea)             DIV  = areaset
(typearea)             BCOR = 0.0pt
(typearea)             \paperwidth      = 597.50793pt
(typearea)              \textwidth      = 336.0pt
(typearea)              \evensidemargin = 58.48398pt
(typearea)              \oddsidemargin  = 58.48398pt
(typearea)             \paperheight     = 845.04694pt
(typearea)              \textheight     = 761.0pt
(typearea)              \topmargin      = -84.0919pt
(typearea)              \headheight     = 17.0pt
(typearea)              \headsep        = 22.83755pt
(typearea)              \topskip        = 12.0pt
(typearea)              \footskip       = 53.28763pt
(typearea)              \baselineskip   = 15.22504pt
(typearea)              on input line 272.


Package typearea Warning: page content and margins higher than paper.
(typearea)                This may result in page footer out of paper.
(typearea)                You should decrease DIV, decrease foot height,
(typearea)                or decreate height of text area.

("C:\Program Files\MiKTeX 2.9\tex/latex/booktabs\booktabs.sty"
Package: booktabs 2020/01/12 v1.61803398 Publication quality tables
\heavyrulewidth=\dimen126
\lightrulewidth=\dimen127
\cmidrulewidth=\dimen128
\belowrulesep=\dimen129
\belowbottomsep=\dimen130
\aboverulesep=\dimen131
\abovetopsep=\dimen132
\cmidrulesep=\dimen133
\cmidrulekern=\dimen134
\defaultaddspace=\dimen135
\@cmidla=\count128
\@cmidlb=\count129
\@aboverulesep=\dimen136
\@belowrulesep=\dimen137
\@thisruleclass=\count130
\@lastruleclass=\count131
\@thisrulewidth=\dimen138
)
("C:\Program Files\MiKTeX 2.9\tex/latex/textcase\textcase.sty"
Package: textcase 2019/09/14 v1.00 Text only upper/lower case changing (DPC)
)
("C:\Program Files\MiKTeX 2.9\tex/latex/soul\soul.sty"
Package: soul 2003/11/17 v2.4 letterspacing/underlining (mf)
\SOUL@word=\toks25
\SOUL@lasttoken=\toks26
\SOUL@cmds=\toks27
\SOUL@buffer=\toks28
\SOUL@token=\toks29
\SOUL@spaceskip=\skip56
\SOUL@ttwidth=\dimen139
\SOUL@uldp=\dimen140
\SOUL@ulht=\dimen141
)
("C:\Program Files\MiKTeX 2.9\tex/latex/titlesec\titlesec.sty"
Package: titlesec 2019/10/16 v2.13 Sectioning titles
\ttl@box=\box31
\beforetitleunit=\skip57
\aftertitleunit=\skip58
\ttl@plus=\dimen142
\ttl@minus=\dimen143
\ttl@toksa=\toks30
\titlewidth=\dimen144
\titlewidthlast=\dimen145
\titlewidthfirst=\dimen146
)
("C:\Program Files\MiKTeX 2.9\tex/latex/tocloft\tocloft.sty"
Package: tocloft 2017/08/31 v2.3i parameterised ToC, etc., typesetting
Package tocloft Info: The document has chapter divisions on input line 51.
\cftparskip=\skip59
\cftbeforetoctitleskip=\skip60
\cftaftertoctitleskip=\skip61
\cftbeforepartskip=\skip62
\cftpartnumwidth=\skip63
\cftpartindent=\skip64
\cftbeforechapskip=\skip65
\cftchapindent=\skip66
\cftchapnumwidth=\skip67
\cftbeforesecskip=\skip68
\cftsecindent=\skip69
\cftsecnumwidth=\skip70
\cftbeforesubsecskip=\skip71
\cftsubsecindent=\skip72
\cftsubsecnumwidth=\skip73
\cftbeforesubsubsecskip=\skip74
\cftsubsubsecindent=\skip75
\cftsubsubsecnumwidth=\skip76
\cftbeforeparaskip=\skip77
\cftparaindent=\skip78
\cftparanumwidth=\skip79
\cftbeforesubparaskip=\skip80
\cftsubparaindent=\skip81
\cftsubparanumwidth=\skip82
\cftbeforeloftitleskip=\skip83
\cftafterloftitleskip=\skip84
\cftbeforefigskip=\skip85
\cftfigindent=\skip86
\cftfignumwidth=\skip87
\c@lofdepth=\count132
\c@lotdepth=\count133
\cftbeforelottitleskip=\skip88
\cftafterlottitleskip=\skip89
\cftbeforetabskip=\skip90
\cfttabindent=\skip91
\cfttabnumwidth=\skip92
)
\newnumberwidth=\skip93
\beforebibskip=\skip94
\newchnumberwidth=\skip95
\chapterlabelwidth=\skip96
\figurelabelwidth=\skip97
\tablelabelwidth=\skip98

("C:\Program Files\MiKTeX 2.9\tex/latex/footmisc\footmisc.sty"
Package: footmisc 2011/06/06 v5.5b a miscellany of footnote facilities
\FN@temptoken=\toks31
\footnotemargin=\dimen147
\c@pp@next@reset=\count134
Package footmisc Info: Declaring symbol style bringhurst on input line 855.
Package footmisc Info: Declaring symbol style chicago on input line 863.
Package footmisc Info: Declaring symbol style wiley on input line 872.
Package footmisc Info: Declaring symbol style lamport-robust on input line 883.

Package footmisc Info: Declaring symbol style lamport* on input line 903.
Package footmisc Info: Declaring symbol style lamport*-robust on input line 924
.
)

Package classicthesis Warning: Using package "footmisc" with option "flushmargi
n" for footnote setup (not 100\% the same as with KOMA).

("C:\Program Files\MiKTeX 2.9\tex/latex/koma-script\scrtime.sty"
Package: scrtime 2020/04/19 v3.30 KOMA-Script package (time of LaTeX run)
))
("C:\Program Files\MiKTeX 2.9\tex/latex/geometry\geometry.sty"
Package: geometry 2018/04/16 v5.8 Page Geometry
\Gm@cnth=\count135
\Gm@cntv=\count136
\c@Gm@tempcnt=\count137
\Gm@bindingoffset=\dimen148
\Gm@wd@mp=\dimen149
\Gm@odd@mp=\dimen150
\Gm@even@mp=\dimen151
\Gm@layoutwidth=\dimen152
\Gm@layoutheight=\dimen153
\Gm@layouthoffset=\dimen154
\Gm@layoutvoffset=\dimen155
\Gm@dimlist=\toks32

("C:\Program Files\MiKTeX 2.9\tex/latex/geometry\geometry.cfg"))
("C:\Program Files\MiKTeX 2.9\tex/latex/multirow\multirow.sty"
Package: multirow 2019/05/31 v2.5 Span multiple rows of a table
\multirow@colwidth=\skip99
\multirow@cntb=\count138
\multirow@dima=\skip100
\bigstrutjot=\dimen156
)
("C:\Program Files\MiKTeX 2.9\tex/latex/tools\longtable.sty"
Package: longtable 2014/10/28 v4.11 Multi-page Table package (DPC)+ FMi change
\LTleft=\skip101
\LTright=\skip102
\LTpre=\skip103
\LTpost=\skip104
\LTchunksize=\count139
\LTcapwidth=\dimen157
\LT@head=\box32
\LT@firsthead=\box33
\LT@foot=\box34
\LT@lastfoot=\box35
\LT@cols=\count140
\LT@rows=\count141
\c@LT@tables=\count142
\c@LT@chunks=\count143
\LT@p@ftn=\toks33
)
("C:\Program Files\MiKTeX 2.9\tex/latex/tools\multicol.sty"
Package: multicol 2018/12/27 v1.8v multicolumn formatting (FMi)
\c@tracingmulticols=\count144
\mult@box=\box36
\multicol@leftmargin=\dimen158
\c@unbalance=\count145
\c@collectmore=\count146
\doublecol@number=\count147
\multicoltolerance=\count148
\multicolpretolerance=\count149
\full@width=\dimen159
\page@free=\dimen160
\premulticols=\dimen161
\postmulticols=\dimen162
\multicolsep=\skip105
\multicolbaselineskip=\skip106
\partial@page=\box37
\last@line=\box38
\maxbalancingoverflow=\dimen163
\mult@rightbox=\box39
\mult@grightbox=\box40
\mult@gfirstbox=\box41
\mult@firstbox=\box42
\@tempa=\box43
\@tempa=\box44
\@tempa=\box45
\@tempa=\box46
\@tempa=\box47
\@tempa=\box48
\@tempa=\box49
\@tempa=\box50
\@tempa=\box51
\@tempa=\box52
\@tempa=\box53
\@tempa=\box54
\@tempa=\box55
\@tempa=\box56
\@tempa=\box57
\@tempa=\box58
\@tempa=\box59
\c@columnbadness=\count150
\c@finalcolumnbadness=\count151
\last@try=\dimen164
\multicolovershoot=\dimen165
\multicolundershoot=\dimen166
\mult@nat@firstbox=\box60
\colbreak@box=\box61
\mc@col@check@num=\count152
)
("C:\Program Files\MiKTeX 2.9\tex/latex/float\float.sty"
Package: float 2001/11/08 v1.3d Float enhancements (AL)
\c@float@type=\count153
\float@exts=\toks34
\float@box=\box62
\@float@everytoks=\toks35
\@floatcapt=\box63
)
   defining Unicode char U+2212 (decimal 8722)
   defining Unicode char U+2217 (decimal 8727)

("C:\Program Files\MiKTeX 2.9\tex/latex/graphics\graphicx.sty"
Package: graphicx 2017/06/01 v1.1a Enhanced LaTeX Graphics (DPC,SPQR)

("C:\Program Files\MiKTeX 2.9\tex/latex/graphics\graphics.sty"
Package: graphics 2017/06/25 v1.2c Standard LaTeX Graphics (DPC,SPQR)

("C:\Program Files\MiKTeX 2.9\tex/latex/graphics\trig.sty"
Package: trig 2016/01/03 v1.10 sin cos tan (DPC)
)
("C:\Program Files\MiKTeX 2.9\tex/latex/graphics-cfg\graphics.cfg"
File: graphics.cfg 2016/06/04 v1.11 sample graphics configuration
)
Package graphics Info: Driver file: pdftex.def on input line 99.
)
\Gin@req@height=\dimen167
\Gin@req@width=\dimen168
)
("C:\Program Files\MiKTeX 2.9\tex/latex/pgf/frontendlayer\tikz.sty"
("C:\Program Files\MiKTeX 2.9\tex/latex/pgf/basiclayer\pgf.sty"
("C:\Program Files\MiKTeX 2.9\tex/latex/pgf/utilities\pgfrcs.sty"
("C:\Program Files\MiKTeX 2.9\tex/generic/pgf/utilities\pgfutil-common.tex"
\pgfutil@everybye=\toks36
\pgfutil@tempdima=\dimen169
\pgfutil@tempdimb=\dimen170

("C:\Program Files\MiKTeX 2.9\tex/generic/pgf/utilities\pgfutil-common-lists.te
x")) ("C:\Program Files\MiKTeX 2.9\tex/generic/pgf/utilities\pgfutil-latex.def"
\pgfutil@abb=\box64
("C:\Program Files\MiKTeX 2.9\tex/latex/ms\everyshi.sty"
Package: everyshi 2001/05/15 v3.00 EveryShipout Package (MS)
))
("C:\Program Files\MiKTeX 2.9\tex/generic/pgf/utilities\pgfrcs.code.tex"
("C:\Program Files\MiKTeX 2.9\tex/generic/pgf\pgf.revision.tex")
Package: pgfrcs 2020/01/08 v3.1.5b (3.1.5b)
))
Package: pgf 2020/01/08 v3.1.5b (3.1.5b)

("C:\Program Files\MiKTeX 2.9\tex/latex/pgf/basiclayer\pgfcore.sty"
("C:\Program Files\MiKTeX 2.9\tex/latex/pgf/systemlayer\pgfsys.sty"
("C:\Program Files\MiKTeX 2.9\tex/generic/pgf/systemlayer\pgfsys.code.tex"
Package: pgfsys 2020/01/08 v3.1.5b (3.1.5b)

("C:\Program Files\MiKTeX 2.9\tex/generic/pgf/utilities\pgfkeys.code.tex"
\pgfkeys@pathtoks=\toks37
\pgfkeys@temptoks=\toks38

("C:\Program Files\MiKTeX 2.9\tex/generic/pgf/utilities\pgfkeysfiltered.code.te
x"
\pgfkeys@tmptoks=\toks39
))
\pgf@x=\dimen171
\pgf@y=\dimen172
\pgf@xa=\dimen173
\pgf@ya=\dimen174
\pgf@xb=\dimen175
\pgf@yb=\dimen176
\pgf@xc=\dimen177
\pgf@yc=\dimen178
\pgf@xd=\dimen179
\pgf@yd=\dimen180
\w@pgf@writea=\write4
\r@pgf@reada=\read1
\c@pgf@counta=\count154
\c@pgf@countb=\count155
\c@pgf@countc=\count156
\c@pgf@countd=\count157
\t@pgf@toka=\toks40
\t@pgf@tokb=\toks41
\t@pgf@tokc=\toks42
\pgf@sys@id@count=\count158
 ("C:\Program Files\MiKTeX 2.9\tex/generic/pgf/systemlayer\pgf.cfg"
File: pgf.cfg 2020/01/08 v3.1.5b (3.1.5b)
)
Driver file for pgf: pgfsys-pdftex.def

("C:\Program Files\MiKTeX 2.9\tex/generic/pgf/systemlayer\pgfsys-pdftex.def"
File: pgfsys-pdftex.def 2020/01/08 v3.1.5b (3.1.5b)

("C:\Program Files\MiKTeX 2.9\tex/generic/pgf/systemlayer\pgfsys-common-pdf.def
"
File: pgfsys-common-pdf.def 2020/01/08 v3.1.5b (3.1.5b)
)))
("C:\Program Files\MiKTeX 2.9\tex/generic/pgf/systemlayer\pgfsyssoftpath.code.t
ex"
File: pgfsyssoftpath.code.tex 2020/01/08 v3.1.5b (3.1.5b)
\pgfsyssoftpath@smallbuffer@items=\count159
\pgfsyssoftpath@bigbuffer@items=\count160
)
("C:\Program Files\MiKTeX 2.9\tex/generic/pgf/systemlayer\pgfsysprotocol.code.t
ex"
File: pgfsysprotocol.code.tex 2020/01/08 v3.1.5b (3.1.5b)
)) ("C:\Program Files\MiKTeX 2.9\tex/generic/pgf/basiclayer\pgfcore.code.tex"
Package: pgfcore 2020/01/08 v3.1.5b (3.1.5b)
 ("C:\Program Files\MiKTeX 2.9\tex/generic/pgf/math\pgfmath.code.tex"
("C:\Program Files\MiKTeX 2.9\tex/generic/pgf/math\pgfmathcalc.code.tex"
("C:\Program Files\MiKTeX 2.9\tex/generic/pgf/math\pgfmathutil.code.tex")
("C:\Program Files\MiKTeX 2.9\tex/generic/pgf/math\pgfmathparser.code.tex"
\pgfmath@dimen=\dimen181
\pgfmath@count=\count161
\pgfmath@box=\box65
\pgfmath@toks=\toks43
\pgfmath@stack@operand=\toks44
\pgfmath@stack@operation=\toks45
)
("C:\Program Files\MiKTeX 2.9\tex/generic/pgf/math\pgfmathfunctions.code.tex"
("C:\Program Files\MiKTeX 2.9\tex/generic/pgf/math\pgfmathfunctions.basic.code.
tex")
("C:\Program Files\MiKTeX 2.9\tex/generic/pgf/math\pgfmathfunctions.trigonometr
ic.code.tex")
("C:\Program Files\MiKTeX 2.9\tex/generic/pgf/math\pgfmathfunctions.random.code
.tex")
("C:\Program Files\MiKTeX 2.9\tex/generic/pgf/math\pgfmathfunctions.comparison.
code.tex")
("C:\Program Files\MiKTeX 2.9\tex/generic/pgf/math\pgfmathfunctions.base.code.t
ex")
("C:\Program Files\MiKTeX 2.9\tex/generic/pgf/math\pgfmathfunctions.round.code.
tex")
("C:\Program Files\MiKTeX 2.9\tex/generic/pgf/math\pgfmathfunctions.misc.code.t
ex")
("C:\Program Files\MiKTeX 2.9\tex/generic/pgf/math\pgfmathfunctions.integerarit
hmetics.code.tex")))
("C:\Program Files\MiKTeX 2.9\tex/generic/pgf/math\pgfmathfloat.code.tex"
\c@pgfmathroundto@lastzeros=\count162
))
("C:\Program Files\MiKTeX 2.9\tex/generic/pgf/math\pgfint.code.tex")
("C:\Program Files\MiKTeX 2.9\tex/generic/pgf/basiclayer\pgfcorepoints.code.tex
"
File: pgfcorepoints.code.tex 2020/01/08 v3.1.5b (3.1.5b)
\pgf@picminx=\dimen182
\pgf@picmaxx=\dimen183
\pgf@picminy=\dimen184
\pgf@picmaxy=\dimen185
\pgf@pathminx=\dimen186
\pgf@pathmaxx=\dimen187
\pgf@pathminy=\dimen188
\pgf@pathmaxy=\dimen189
\pgf@xx=\dimen190
\pgf@xy=\dimen191
\pgf@yx=\dimen192
\pgf@yy=\dimen193
\pgf@zx=\dimen194
\pgf@zy=\dimen195
)
("C:\Program Files\MiKTeX 2.9\tex/generic/pgf/basiclayer\pgfcorepathconstruct.c
ode.tex"
File: pgfcorepathconstruct.code.tex 2020/01/08 v3.1.5b (3.1.5b)
\pgf@path@lastx=\dimen196
\pgf@path@lasty=\dimen197
)
("C:\Program Files\MiKTeX 2.9\tex/generic/pgf/basiclayer\pgfcorepathusage.code.
tex"
File: pgfcorepathusage.code.tex 2020/01/08 v3.1.5b (3.1.5b)
\pgf@shorten@end@additional=\dimen198
\pgf@shorten@start@additional=\dimen199
)
("C:\Program Files\MiKTeX 2.9\tex/generic/pgf/basiclayer\pgfcorescopes.code.tex
"
File: pgfcorescopes.code.tex 2020/01/08 v3.1.5b (3.1.5b)
\pgfpic=\box66
\pgf@hbox=\box67
\pgf@layerbox@main=\box68
\pgf@picture@serial@count=\count163
)
("C:\Program Files\MiKTeX 2.9\tex/generic/pgf/basiclayer\pgfcoregraphicstate.co
de.tex"
File: pgfcoregraphicstate.code.tex 2020/01/08 v3.1.5b (3.1.5b)
\pgflinewidth=\dimen256
)
("C:\Program Files\MiKTeX 2.9\tex/generic/pgf/basiclayer\pgfcoretransformations
.code.tex"
File: pgfcoretransformations.code.tex 2020/01/08 v3.1.5b (3.1.5b)
\pgf@pt@x=\dimen257
\pgf@pt@y=\dimen258
\pgf@pt@temp=\dimen259
)
("C:\Program Files\MiKTeX 2.9\tex/generic/pgf/basiclayer\pgfcorequick.code.tex"
File: pgfcorequick.code.tex 2020/01/08 v3.1.5b (3.1.5b)
)
("C:\Program Files\MiKTeX 2.9\tex/generic/pgf/basiclayer\pgfcoreobjects.code.te
x"
File: pgfcoreobjects.code.tex 2020/01/08 v3.1.5b (3.1.5b)
)
("C:\Program Files\MiKTeX 2.9\tex/generic/pgf/basiclayer\pgfcorepathprocessing.
code.tex"
File: pgfcorepathprocessing.code.tex 2020/01/08 v3.1.5b (3.1.5b)
)
("C:\Program Files\MiKTeX 2.9\tex/generic/pgf/basiclayer\pgfcorearrows.code.tex
"
File: pgfcorearrows.code.tex 2020/01/08 v3.1.5b (3.1.5b)
\pgfarrowsep=\dimen260
)
("C:\Program Files\MiKTeX 2.9\tex/generic/pgf/basiclayer\pgfcoreshade.code.tex"
File: pgfcoreshade.code.tex 2020/01/08 v3.1.5b (3.1.5b)
\pgf@max=\dimen261
\pgf@sys@shading@range@num=\count164
\pgf@shadingcount=\count165
) ("C:\Program Files\MiKTeX 2.9\tex/generic/pgf/basiclayer\pgfcoreimage.code.te
x"
File: pgfcoreimage.code.tex 2020/01/08 v3.1.5b (3.1.5b)

("C:\Program Files\MiKTeX 2.9\tex/generic/pgf/basiclayer\pgfcoreexternal.code.t
ex"
File: pgfcoreexternal.code.tex 2020/01/08 v3.1.5b (3.1.5b)
\pgfexternal@startupbox=\box69
))
("C:\Program Files\MiKTeX 2.9\tex/generic/pgf/basiclayer\pgfcorelayers.code.tex
"
File: pgfcorelayers.code.tex 2020/01/08 v3.1.5b (3.1.5b)
)
("C:\Program Files\MiKTeX 2.9\tex/generic/pgf/basiclayer\pgfcoretransparency.co
de.tex"
File: pgfcoretransparency.code.tex 2020/01/08 v3.1.5b (3.1.5b)
)
("C:\Program Files\MiKTeX 2.9\tex/generic/pgf/basiclayer\pgfcorepatterns.code.t
ex"
File: pgfcorepatterns.code.tex 2020/01/08 v3.1.5b (3.1.5b)
)
("C:\Program Files\MiKTeX 2.9\tex/generic/pgf/basiclayer\pgfcorerdf.code.tex"
File: pgfcorerdf.code.tex 2020/01/08 v3.1.5b (3.1.5b)
))) ("C:\Program Files\MiKTeX 2.9\tex/generic/pgf/modules\pgfmoduleshapes.code.
tex"
File: pgfmoduleshapes.code.tex 2020/01/08 v3.1.5b (3.1.5b)
\pgfnodeparttextbox=\box70
) ("C:\Program Files\MiKTeX 2.9\tex/generic/pgf/modules\pgfmoduleplot.code.tex"
File: pgfmoduleplot.code.tex 2020/01/08 v3.1.5b (3.1.5b)
)
("C:\Program Files\MiKTeX 2.9\tex/latex/pgf/compatibility\pgfcomp-version-0-65.
sty"
Package: pgfcomp-version-0-65 2020/01/08 v3.1.5b (3.1.5b)
\pgf@nodesepstart=\dimen262
\pgf@nodesepend=\dimen263
)
("C:\Program Files\MiKTeX 2.9\tex/latex/pgf/compatibility\pgfcomp-version-1-18.
sty"
Package: pgfcomp-version-1-18 2020/01/08 v3.1.5b (3.1.5b)
)) ("C:\Program Files\MiKTeX 2.9\tex/latex/pgf/utilities\pgffor.sty"
("C:\Program Files\MiKTeX 2.9\tex/latex/pgf/utilities\pgfkeys.sty"
("C:\Program Files\MiKTeX 2.9\tex/generic/pgf/utilities\pgfkeys.code.tex"))
("C:\Program Files\MiKTeX 2.9\tex/latex/pgf/math\pgfmath.sty"
("C:\Program Files\MiKTeX 2.9\tex/generic/pgf/math\pgfmath.code.tex"))
("C:\Program Files\MiKTeX 2.9\tex/generic/pgf/utilities\pgffor.code.tex"
Package: pgffor 2020/01/08 v3.1.5b (3.1.5b)

("C:\Program Files\MiKTeX 2.9\tex/generic/pgf/math\pgfmath.code.tex")
\pgffor@iter=\dimen264
\pgffor@skip=\dimen265
\pgffor@stack=\toks46
\pgffor@toks=\toks47
))
("C:\Program Files\MiKTeX 2.9\tex/generic/pgf/frontendlayer/tikz\tikz.code.tex"
Package: tikz 2020/01/08 v3.1.5b (3.1.5b)

("C:\Program Files\MiKTeX 2.9\tex/generic/pgf/libraries\pgflibraryplothandlers.
code.tex"
File: pgflibraryplothandlers.code.tex 2020/01/08 v3.1.5b (3.1.5b)
\pgf@plot@mark@count=\count166
\pgfplotmarksize=\dimen266
)
\tikz@lastx=\dimen267
\tikz@lasty=\dimen268
\tikz@lastxsaved=\dimen269
\tikz@lastysaved=\dimen270
\tikz@lastmovetox=\dimen271
\tikz@lastmovetoy=\dimen272
\tikzleveldistance=\dimen273
\tikzsiblingdistance=\dimen274
\tikz@figbox=\box71
\tikz@figbox@bg=\box72
\tikz@tempbox=\box73
\tikz@tempbox@bg=\box74
\tikztreelevel=\count167
\tikznumberofchildren=\count168
\tikznumberofcurrentchild=\count169
\tikz@fig@count=\count170

("C:\Program Files\MiKTeX 2.9\tex/generic/pgf/modules\pgfmodulematrix.code.tex"
File: pgfmodulematrix.code.tex 2020/01/08 v3.1.5b (3.1.5b)
\pgfmatrixcurrentrow=\count171
\pgfmatrixcurrentcolumn=\count172
\pgf@matrix@numberofcolumns=\count173
)
\tikz@expandcount=\count174

("C:\Program Files\MiKTeX 2.9\tex/generic/pgf/frontendlayer/tikz/libraries\tikz
librarytopaths.code.tex"
File: tikzlibrarytopaths.code.tex 2020/01/08 v3.1.5b (3.1.5b)
)))
("C:\Program Files\MiKTeX 2.9\tex/latex/psnfss\charter.sty"
Package: charter 2005/04/12 PSNFSS-v9.2a (P.Dyballa) 
)
("C:\Program Files\MiKTeX 2.9\tex/latex/tools\calc.sty"
Package: calc 2017/05/25 v4.3 Infix arithmetic (KKT,FJ)
\calc@Acount=\count175
\calc@Bcount=\count176
\calc@Adimen=\dimen275
\calc@Bdimen=\dimen276
\calc@Askip=\skip107
\calc@Bskip=\skip108
LaTeX Info: Redefining \setlength on input line 80.
LaTeX Info: Redefining \addtolength on input line 81.
\calc@Ccount=\count177
\calc@Cskip=\skip109
)
("C:\Program Files\MiKTeX 2.9\tex/latex/base\makeidx.sty"
Package: makeidx 2014/09/29 v1.0m Standard LaTeX package
)
\@indexfile=\write5
\openout5 = `Memoire_Stephane_Nkeuga.idx'.


Writing index file Memoire_Stephane_Nkeuga.idx
("C:\Program Files\MiKTeX 2.9\tex/latex/fancyhdr\fancyhdr.sty"
Package: fancyhdr 2019/01/31 v3.10 Extensive control of page headers and footer
s
\f@nch@headwidth=\skip110
\f@nch@O@elh=\skip111
\f@nch@O@erh=\skip112
\f@nch@O@olh=\skip113
\f@nch@O@orh=\skip114
\f@nch@O@elf=\skip115
\f@nch@O@erf=\skip116
\f@nch@O@olf=\skip117
\f@nch@O@orf=\skip118
)
("C:\Program Files\MiKTeX 2.9\tex/latex/listings\listings.sty"
\lst@mode=\count178
\lst@gtempboxa=\box75
\lst@token=\toks48
\lst@length=\count179
\lst@currlwidth=\dimen277
\lst@column=\count180
\lst@pos=\count181
\lst@lostspace=\dimen278
\lst@width=\dimen279
\lst@newlines=\count182
\lst@lineno=\count183
\lst@maxwidth=\dimen280

("C:\Program Files\MiKTeX 2.9\tex/latex/listings\lstmisc.sty"
File: lstmisc.sty 2020/03/24 1.8d (Carsten Heinz)
\c@lstnumber=\count184
\lst@skipnumbers=\count185
\lst@framebox=\box76
)
("C:\Program Files\MiKTeX 2.9\tex/latex/listings\listings.cfg"
File: listings.cfg 2020/03/24 1.8d listings configuration
))
Package: listings 2020/03/24 1.8d (Carsten Heinz)

("C:\Program Files\MiKTeX 2.9\tex/latex/listings\lstlang1.sty"
File: lstlang1.sty 2020/03/24 1.8d listings language file
)
("C:\Program Files\MiKTeX 2.9\tex/latex/algorithmicx\algorithmicx.sty"
Package: algorithmicx 2005/04/27 v1.2 Algorithmicx

Document Style algorithmicx 1.2 - a greatly improved `algorithmic' style
\c@ALG@line=\count186
\c@ALG@rem=\count187
\c@ALG@nested=\count188
\ALG@tlm=\skip119
\ALG@thistlm=\skip120
\c@ALG@Lnr=\count189
\c@ALG@blocknr=\count190
\c@ALG@storecount=\count191
\c@ALG@tmpcounter=\count192
\ALG@tmplength=\skip121
) ("C:\Program Files\MiKTeX 2.9\tex/latex/tools\hhline.sty"
Package: hhline 2014/10/28 v2.03 Table rule package (DPC)
)
("C:\Program Files\MiKTeX 2.9\tex/latex/algorithms\algorithm.sty"
Package: algorithm 2009/08/24 v0.1 Document Style `algorithm' - floating enviro
nment
\@float@every@algorithm=\toks49
\c@algorithm=\count193
)
("C:\Program Files\MiKTeX 2.9\tex/latex/algorithmicx\algcompatible.sty"
Package: algcompatible 

Document Style - algorithmic compatible environments for the `algorithmicx' sty
le
) ("C:\Program Files\MiKTeX 2.9\tex/latex/algorithmicx\algpseudocode.sty"
Package: algpseudocode 

Document Style - pseudocode environments for use with the `algorithmicx' style
) ("C:\Program Files\MiKTeX 2.9\tex/latex/algorithmicx\algpascal.sty"
Package: algpascal 

Document Style - pascal environments for the `algorithmicx' style
) ("C:\Program Files\MiKTeX 2.9\tex/latex/algorithmicx\algc.sty"
Package: algc 

Document Style - c/c++ environments for use with the `algorithmicx' style
)

Package hyperref Warning: Option `backref' has already been used,
(hyperref)                setting the option has no effect on input line 86.


Package hyperref Warning: Option `pagebackref' has already been used,
(hyperref)                setting the option has no effect on input line 86.


Package hyperref Warning: Option `hyperindex' has already been used,
(hyperref)                setting the option has no effect on input line 86.

Package hyperref Info: Option `colorlinks' set `false' on input line 86.
Package hyperref Info: Option `breaklinks' set `true' on input line 86.

Package hyperref Warning: Option `bookmarks' has already been used,
(hyperref)                setting the option has no effect on input line 86.

Package hyperref Info: Option `bookmarksopen' set `false' on input line 86.
("C:\Program Files\MiKTeX 2.9\tex/latex/bookmark\bookmark.sty"
Package: bookmark 2019/12/03 v1.28 PDF bookmarks (HO)

("C:\Program Files\MiKTeX 2.9\tex/latex/bookmark\bkm-pdftex.def"
File: bkm-pdftex.def 2019/12/03 v1.28 bookmark driver for pdfTeX (HO)
\BKM@id=\count194
))
("C:\Program Files\MiKTeX 2.9\tex/latex/tools\tabularx.sty"
Package: tabularx 2016/02/03 v2.11b `tabularx' package (DPC)

("C:\Program Files\MiKTeX 2.9\tex/latex/tools\array.sty"
Package: array 2018/12/30 v2.4k Tabular extension package (FMi)
\col@sep=\dimen281
\ar@mcellbox=\box77
\extrarowheight=\dimen282
\NC@list=\toks50
\extratabsurround=\skip122
\backup@length=\skip123
\ar@cellbox=\box78
)
\TX@col@width=\dimen283
\TX@old@table=\dimen284
\TX@old@col=\dimen285
\TX@target=\dimen286
\TX@delta=\dimen287
\TX@cols=\count195
\TX@ftn=\toks51
)
("C:\Program Files\MiKTeX 2.9\tex/latex/caption\caption.sty"
Package: caption 2020/05/10 v3.4j Customizing captions (AR)

("C:\Program Files\MiKTeX 2.9\tex/latex/caption\caption3.sty"
Package: caption3 2020/05/10 v1.11 caption3 kernel (AR)
Package caption3 Info: TeX engine: e-TeX on input line 61.
\captionmargin=\dimen288
\captionmargin@=\dimen289
\captionwidth=\dimen290
\caption@tempdima=\dimen291
\caption@indent=\dimen292
\caption@parindent=\dimen293
\caption@hangindent=\dimen294
Package caption Info: Standard document class detected.
)
\c@caption@flags=\count196
\c@continuedfloat=\count197
Package caption Info: float package is loaded.
Package caption Info: hyperref package is loaded.
Package caption Info: listings package is loaded.
Package caption Info: longtable package is loaded.

("C:\Program Files\MiKTeX 2.9\tex/latex/caption\ltcaption.sty"
Package: ltcaption 2018/08/26 v1.4a longtable captions (AR)
))
("C:\Program Files\MiKTeX 2.9\tex/latex/subfig\subfig.sty"
Package: subfig 2005/06/28 ver: 1.3 subfig package
\c@KVtest=\count198
\sf@farskip=\skip124
\sf@captopadj=\dimen295
\sf@capskip=\skip125
\sf@nearskip=\skip126
\c@subfigure=\count199
\c@subfigure@save=\count266
\c@subtable=\count267
\c@subtable@save=\count268
\sf@top=\skip127
\sf@bottom=\skip128
)
("C:\Program Files\MiKTeX 2.9\tex/latex/makecell\makecell.sty"
Package: makecell 2009/08/03 V0.1e Managing of Tab Column Heads and Cells
\rotheadsize=\dimen296
\c@nlinenum=\count269
\TeXr@lab=\toks52
)
("C:\Program Files\MiKTeX 2.9\tex/latex/ragged2e\ragged2e.sty"
Package: ragged2e 2019/07/28 v2.2 ragged2e Package (MS)

("C:\Program Files\MiKTeX 2.9\tex/latex/ms\everysel.sty"
Package: everysel 2011/10/28 v1.2 EverySelectfont Package (MS)
)
\CenteringLeftskip=\skip129
\RaggedLeftLeftskip=\skip130
\RaggedRightLeftskip=\skip131
\CenteringRightskip=\skip132
\RaggedLeftRightskip=\skip133
\RaggedRightRightskip=\skip134
\CenteringParfillskip=\skip135
\RaggedLeftParfillskip=\skip136
\RaggedRightParfillskip=\skip137
\JustifyingParfillskip=\skip138
\CenteringParindent=\skip139
\RaggedLeftParindent=\skip140
\RaggedRightParindent=\skip141
\JustifyingParindent=\skip142
)
("C:\Program Files\MiKTeX 2.9\tex/latex/mathtools\mathtools.sty"
Package: mathtools 2020/03/24 v1.24 mathematical typesetting tools

("C:\Program Files\MiKTeX 2.9\tex/latex/mathtools\mhsetup.sty"
Package: mhsetup 2017/03/31 v1.3 programming setup (MH)
)
LaTeX Info: Thecontrolsequence`\('isalreadyrobust on input line 130.
LaTeX Info: Thecontrolsequence`\)'isalreadyrobust on input line 130.
LaTeX Info: Thecontrolsequence`\['isalreadyrobust on input line 130.
LaTeX Info: Thecontrolsequence`\]'isalreadyrobust on input line 130.
\g_MT_multlinerow_int=\count270
\l_MT_multwidth_dim=\dimen297
\origjot=\skip143
\l_MT_shortvdotswithinadjustabove_dim=\dimen298
\l_MT_shortvdotswithinadjustbelow_dim=\dimen299
\l_MT_above_intertext_sep=\dimen300
\l_MT_below_intertext_sep=\dimen301
\l_MT_above_shortintertext_sep=\dimen302
\l_MT_below_shortintertext_sep=\dimen303
\xmathstrut@box=\box79
\xmathstrut@dim=\dimen304
)

Package Fancyhdr Warning: \fancyfoot's `E' option without twoside option is use
less on input line 299.


Package Fancyhdr Warning: \fancyfoot's `E' option without twoside option is use
less on input line 300.

("C:\Program Files\MiKTeX 2.9\tex/latex/amsfonts\amsfonts.sty"
Package: amsfonts 2013/01/14 v3.01 Basic AMSFonts support
\symAMSa=\mathgroup5
\symAMSb=\mathgroup6
LaTeX Font Info:    Overwriting math alphabet `\mathfrak' in version `bold'
(Font)                  U/euf/m/n --> U/euf/b/n on input line 106.
)
("C:\Program Files\MiKTeX 2.9\tex/latex/amsfonts\amssymb.sty"
Package: amssymb 2013/01/14 v3.01 AMS font symbols
)
("C:\Program Files\MiKTeX 2.9\tex/latex/amscls\amsthm.sty"
Package: amsthm 2017/10/31 v2.20.4
\thm@style=\toks53
\thm@bodyfont=\toks54
\thm@headfont=\toks55
\thm@notefont=\toks56
\thm@headpunct=\toks57
\thm@preskip=\skip144
\thm@postskip=\skip145
\thm@headsep=\skip146
\dth@everypar=\toks58
)
\c@notation=\count271
\c@dummy=\count272


Package amsthm Warning: Unknown theoremstyle `ocrenumbox' on input line 369.

\c@problem=\count273
\c@exerciseT=\count274
\c@definitionT=\count275
\c@strategyT=\count276
\c@lemmeT=\count277
\c@theoT=\count278
\c@propositionT=\count279
\c@corollaryT=\count280
\c@remarkT=\count281
\c@exampleT=\count282
\c@vocabulary=\count283
("C:\Program Files\MiKTeX 2.9\tex/latex/mdframed\mdframed.sty"
Package: mdframed 2013/07/01 1.9b: mdframed

("C:\Program Files\MiKTeX 2.9\tex/latex/l3packages/xparse\xparse.sty"
("C:\Program Files\MiKTeX 2.9\tex/latex/l3kernel\expl3.sty"
Package: expl3 2020-05-15 L3 programming layer (loader) 

("C:\Program Files\MiKTeX 2.9\tex/latex/l3kernel\expl3-code.tex"
Package: expl3 2020-05-15 L3 programming layer (code)
\c_max_int=\count284
\l_tmpa_int=\count285
\l_tmpb_int=\count286
\g_tmpa_int=\count287
\g_tmpb_int=\count288
\l__seq_internal_a_int=\count289
\l__seq_internal_b_int=\count290
\g__kernel_prg_map_int=\count291
\c__ior_term_noprompt_ior=\count292
\c_log_iow=\count293
\l_iow_line_count_int=\count294
\l__iow_line_target_int=\count295
\l__iow_one_indent_int=\count296
\l__iow_indent_int=\count297
\c_zero_dim=\dimen305
\c_max_dim=\dimen306
\l_tmpa_dim=\dimen307
\l_tmpb_dim=\dimen308
\g_tmpa_dim=\dimen309
\g_tmpb_dim=\dimen310
\c_zero_skip=\skip147
\c_max_skip=\skip148
\l_tmpa_skip=\skip149
\l_tmpb_skip=\skip150
\g_tmpa_skip=\skip151
\g_tmpb_skip=\skip152
\c_zero_muskip=\muskip12
\c_max_muskip=\muskip13
\l_tmpa_muskip=\muskip14
\l_tmpb_muskip=\muskip15
\g_tmpa_muskip=\muskip16
\g_tmpb_muskip=\muskip17
\l_keys_choice_int=\count298
\l__intarray_loop_int=\count299
\c__intarray_sp_dim=\dimen311
\g__intarray_font_int=\count300
\c__fp_leading_shift_int=\count301
\c__fp_middle_shift_int=\count302
\c__fp_trailing_shift_int=\count303
\c__fp_big_leading_shift_int=\count304
\c__fp_big_middle_shift_int=\count305
\c__fp_big_trailing_shift_int=\count306
\c__fp_Bigg_leading_shift_int=\count307
\c__fp_Bigg_middle_shift_int=\count308
\c__fp_Bigg_trailing_shift_int=\count309
\c__kernel_randint_max_int=\count310
\g__fp_array_int=\count311
\l__fp_array_loop_int=\count312
\l__sort_length_int=\count313
\l__sort_min_int=\count314
\l__sort_top_int=\count315
\l__sort_max_int=\count316
\l__sort_true_max_int=\count317
\l__sort_block_int=\count318
\l__sort_begin_int=\count319
\l__sort_end_int=\count320
\l__sort_A_int=\count321
\l__sort_B_int=\count322
\l__sort_C_int=\count323
\l__str_internal_int=\count324
\c__str_replacement_char_int=\count325
\l__tl_analysis_normal_int=\count326
\l__tl_analysis_index_int=\count327
\l__tl_analysis_nesting_int=\count328
\l__tl_analysis_type_int=\count329
\l__regex_internal_a_int=\count330
\l__regex_internal_b_int=\count331
\l__regex_internal_c_int=\count332
\l__regex_balance_int=\count333
\l__regex_group_level_int=\count334
\l__regex_mode_int=\count335
\c__regex_cs_in_class_mode_int=\count336
\c__regex_cs_mode_int=\count337
\l__regex_catcodes_int=\count338
\l__regex_default_catcodes_int=\count339
\c__regex_catcode_D_int=\count340
\c__regex_catcode_S_int=\count341
\c__regex_catcode_L_int=\count342
\c__regex_catcode_O_int=\count343
\c__regex_catcode_A_int=\count344
\c__regex_all_catcodes_int=\count345
\l__regex_show_lines_int=\count346
\l__regex_min_state_int=\count347
\l__regex_max_state_int=\count348
\l__regex_left_state_int=\count349
\l__regex_right_state_int=\count350
\l__regex_capturing_group_int=\count351
\l__regex_min_pos_int=\count352
\l__regex_max_pos_int=\count353
\l__regex_curr_pos_int=\count354
\l__regex_start_pos_int=\count355
\l__regex_success_pos_int=\count356
\l__regex_curr_char_int=\count357
\l__regex_curr_catcode_int=\count358
\l__regex_last_char_int=\count359
\l__regex_case_changed_char_int=\count360
\l__regex_curr_state_int=\count361
\l__regex_step_int=\count362
\l__regex_min_active_int=\count363
\l__regex_max_active_int=\count364
\l__regex_replacement_csnames_int=\count365
\l__regex_match_count_int=\count366
\l__regex_min_submatch_int=\count367
\l__regex_submatch_int=\count368
\l__regex_zeroth_submatch_int=\count369
\g__regex_trace_regex_int=\count370
\c_empty_box=\box80
\l_tmpa_box=\box81
\l_tmpb_box=\box82
\g_tmpa_box=\box83
\g_tmpb_box=\box84
\l__box_top_dim=\dimen312
\l__box_bottom_dim=\dimen313
\l__box_left_dim=\dimen314
\l__box_right_dim=\dimen315
\l__box_top_new_dim=\dimen316
\l__box_bottom_new_dim=\dimen317
\l__box_left_new_dim=\dimen318
\l__box_right_new_dim=\dimen319
\l__box_internal_box=\box85
\l__coffin_internal_box=\box86
\l__coffin_internal_dim=\dimen320
\l__coffin_offset_x_dim=\dimen321
\l__coffin_offset_y_dim=\dimen322
\l__coffin_x_dim=\dimen323
\l__coffin_y_dim=\dimen324
\l__coffin_x_prime_dim=\dimen325
\l__coffin_y_prime_dim=\dimen326
\c_empty_coffin=\box87
\l__coffin_aligned_coffin=\box88
\l__coffin_aligned_internal_coffin=\box89
\l_tmpa_coffin=\box90
\l_tmpb_coffin=\box91
\g_tmpa_coffin=\box92
\g_tmpb_coffin=\box93
\l__coffin_bounding_shift_dim=\dimen327
\l__coffin_left_corner_dim=\dimen328
\l__coffin_right_corner_dim=\dimen329
\l__coffin_bottom_corner_dim=\dimen330
\l__coffin_top_corner_dim=\dimen331
\l__coffin_scaled_total_height_dim=\dimen332
\l__coffin_scaled_width_dim=\dimen333
\c__coffin_empty_coffin=\box94
\l__coffin_display_coffin=\box95
\l__coffin_display_coord_coffin=\box96
\l__coffin_display_pole_coffin=\box97
\l__coffin_display_offset_dim=\dimen334
\l__coffin_display_x_dim=\dimen335
\l__coffin_display_y_dim=\dimen336
\g__char_data_ior=\read2

("C:\Program Files\MiKTeX 2.9\tex/latex/l3kernel\l3deprecation.def"
File: l3deprecation.def 2019-04-06 v L3 Deprecated functions
))
("C:\Program Files\MiKTeX 2.9\tex/latex/l3backend\l3backend-pdfmode.def"
File: l3backend-pdfmode.def 2020-05-05 L3 backend support: PDF mode
\l__kernel_color_stack_int=\count371
\l__pdf_internal_box=\box98
))
Package: xparse 2020-05-15 L3 Experimental document command parser

("C:\Program Files\MiKTeX 2.9\tex/latex/l3packages/xparse\xparse-generic.tex"
\l__xparse_current_arg_int=\count372
\g__xparse_grabber_int=\count373
\l__xparse_m_args_int=\count374
\l__xparse_v_nesting_int=\count375
)) ("C:\Program Files\MiKTeX 2.9\tex/latex/etoolbox\etoolbox.sty"
Package: etoolbox 2019/09/21 v2.5h e-TeX tools for LaTeX (JAW)
\etb@tempcnta=\count376
)
("C:\Program Files\MiKTeX 2.9\tex/latex/zref\zref-abspage.sty"
Package: zref-abspage 2020-05-28 v2.31 Module abspage for zref (HO)

("C:\Program Files\MiKTeX 2.9\tex/latex/zref\zref-base.sty"
Package: zref-base 2020-05-28 v2.31 Module base for zref (HO)
Package zref Info: New property list: main on input line 763.
Package zref Info: New property: default on input line 764.
Package zref Info: New property: page on input line 765.
)
\c@abspage=\count377
Package zref Info: New property: abspage on input line 66.
)
("C:\Program Files\MiKTeX 2.9\tex/latex/needspace\needspace.sty"
Package: needspace 2010/09/12 v1.3d reserve vertical space
)
\mdf@templength=\skip153
\c@mdf@globalstyle@cnt=\count378
\mdf@skipabove@length=\skip154
\mdf@skipbelow@length=\skip155
\mdf@leftmargin@length=\skip156
\mdf@rightmargin@length=\skip157
\mdf@innerleftmargin@length=\skip158
\mdf@innerrightmargin@length=\skip159
\mdf@innertopmargin@length=\skip160
\mdf@innerbottommargin@length=\skip161
\mdf@splittopskip@length=\skip162
\mdf@splitbottomskip@length=\skip163
\mdf@outermargin@length=\skip164
\mdf@innermargin@length=\skip165
\mdf@linewidth@length=\skip166
\mdf@innerlinewidth@length=\skip167
\mdf@middlelinewidth@length=\skip168
\mdf@outerlinewidth@length=\skip169
\mdf@roundcorner@length=\skip170
\mdf@footenotedistance@length=\skip171
\mdf@userdefinedwidth@length=\skip172
\mdf@needspace@length=\skip173
\mdf@frametitleaboveskip@length=\skip174
\mdf@frametitlebelowskip@length=\skip175
\mdf@frametitlerulewidth@length=\skip176
\mdf@frametitleleftmargin@length=\skip177
\mdf@frametitlerightmargin@length=\skip178
\mdf@shadowsize@length=\skip179
\mdf@extratopheight@length=\skip180
\mdf@subtitleabovelinewidth@length=\skip181
\mdf@subtitlebelowlinewidth@length=\skip182
\mdf@subtitleaboveskip@length=\skip183
\mdf@subtitlebelowskip@length=\skip184
\mdf@subtitleinneraboveskip@length=\skip185
\mdf@subtitleinnerbelowskip@length=\skip186
\mdf@subsubtitleabovelinewidth@length=\skip187
\mdf@subsubtitlebelowlinewidth@length=\skip188
\mdf@subsubtitleaboveskip@length=\skip189
\mdf@subsubtitlebelowskip@length=\skip190
\mdf@subsubtitleinneraboveskip@length=\skip191
\mdf@subsubtitleinnerbelowskip@length=\skip192

("C:\Program Files\MiKTeX 2.9\tex/latex/mdframed\md-frame-0.mdf"
File: md-frame-0.mdf 2013/07/01\ 1.9b: md-frame-0
)
\mdf@frametitlebox=\box99
\mdf@footnotebox=\box100
\mdf@splitbox@one=\box101
\mdf@splitbox@two=\box102
\mdf@splitbox@save=\box103
\mdfsplitboxwidth=\skip193
\mdfsplitboxtotalwidth=\skip194
\mdfsplitboxheight=\skip195
\mdfsplitboxdepth=\skip196
\mdfsplitboxtotalheight=\skip197
\mdfframetitleboxwidth=\skip198
\mdfframetitleboxtotalwidth=\skip199
\mdfframetitleboxheight=\skip256
\mdfframetitleboxdepth=\skip257
\mdfframetitleboxtotalheight=\skip258
\mdffootnoteboxwidth=\skip259
\mdffootnoteboxtotalwidth=\skip260
\mdffootnoteboxheight=\skip261
\mdffootnoteboxdepth=\skip262
\mdffootnoteboxtotalheight=\skip263
\mdftotallinewidth=\skip264
\mdfboundingboxwidth=\skip265
\mdfboundingboxtotalwidth=\skip266
\mdfboundingboxheight=\skip267
\mdfboundingboxdepth=\skip268
\mdfboundingboxtotalheight=\skip269
\mdf@freevspace@length=\skip270
\mdf@horizontalwidthofbox@length=\skip271
\mdf@verticalmarginwhole@length=\skip272
\mdf@horizontalspaceofbox=\skip273
\mdfsubtitleheight=\skip274
\mdfsubsubtitleheight=\skip275
\c@mdfcountframes=\count379

****** mdframed patching \endmdf@trivlist

****** -- success******

\mdf@envdepth=\count380
\c@mdf@env@i=\count381
\c@mdf@env@ii=\count382
\c@mdf@zref@counter=\count383
Package zref Info: New property: mdf@pagevalue on input line 895.
))
(Memoire_Stephane_Nkeuga.aux (Chapters/dedicaces.aux)
(Chapters/acknowledgements.aux) (Chapters/abstract_FR.aux)
(Chapters/abstract_EN.aux) (Chapters/introduction.aux) (Chapters/chapitre1.aux)
(Chapters/chapitre2.aux) (Chapters/chapitre3.aux) (Chapters/conclusion.aux))
\openout1 = `Memoire_Stephane_Nkeuga.aux'.

LaTeX Font Info:    Checking defaults for OML/cmm/m/it on input line 12.
LaTeX Font Info:    ... okay on input line 12.
LaTeX Font Info:    Checking defaults for T1/cmr/m/n on input line 12.
LaTeX Font Info:    ... okay on input line 12.
LaTeX Font Info:    Checking defaults for OT1/cmr/m/n on input line 12.
LaTeX Font Info:    ... okay on input line 12.
LaTeX Font Info:    Checking defaults for OMS/cmsy/m/n on input line 12.
LaTeX Font Info:    ... okay on input line 12.
LaTeX Font Info:    Checking defaults for OMX/cmex/m/n on input line 12.
LaTeX Font Info:    ... okay on input line 12.
LaTeX Font Info:    Checking defaults for U/cmr/m/n on input line 12.
LaTeX Font Info:    ... okay on input line 12.
LaTeX Font Info:    Checking defaults for PD1/pdf/m/n on input line 12.
LaTeX Font Info:    ... okay on input line 12.
LaTeX Font Info:    Try loading font information for T1+bch on input line 12.

("C:\Program Files\MiKTeX 2.9\tex/latex/psnfss\t1bch.fd"
File: t1bch.fd 2004/10/18 font definitions for T1/bch.
)
LaTeX Info: Redefining \degres on input line 12.
LaTeX Info: Redefining \dots on input line 12.
LaTeX Info: Redefining \up on input line 12.

("C:\Program Files\MiKTeX 2.9\tex/latex/tools\hhline.sty"
Package: hhline 2014/10/28 v2.03 Table rule package (DPC)
)
\c@minilofdepth=\count384
\c@minilotdepth=\count385
\c@partlofdepth=\count386
\c@partlotdepth=\count387
\c@sectlofdepth=\count388
\c@sectlotdepth=\count389
Package minitoc(hints) Info: I0049
(minitoc(hints))             ==> You requested the hints option. 
(minitoc(hints))             Some hints are eventually given below.
Package minitoc(hints) Info: I0047
(minitoc(hints))             --- The tocloft package is loaded. 
(minitoc(hints))             See the minitoc package documentation 
(minitoc(hints))             for specific precautions.


Package minitoc(hints) Warning: W0099
(minitoc(hints))                --- The titlesec package is loaded. 
(minitoc(hints))                It is incompatible 
(minitoc(hints))                with the minitoc package.


Package minitoc(hints) Warning: W0030
(minitoc(hints))                --- The \part command is altered 
(minitoc(hints))                after minitoc.


Package minitoc(hints) Warning: W0023
(minitoc(hints))                --- It may be the consequence 
(minitoc(hints))                of loading the ``hyperref'' package.


Package minitoc(hints) Warning: W0028
(minitoc(hints))                --- The \chapter command is altered 
(minitoc(hints))                after minitoc.


Package minitoc(hints) Warning: W0023
(minitoc(hints))                --- It may be the consequence 
(minitoc(hints))                of loading the ``hyperref'' package.

\AtBeginShipoutBox=\box104
Package hyperref Info: Link coloring OFF on input line 12.
("C:\Program Files\MiKTeX 2.9\tex/latex/hyperref\nameref.sty"
Package: nameref 2016/05/21 v2.44 Cross-referencing by name of section

("C:\Program Files\MiKTeX 2.9\tex/latex/refcount\refcount.sty"
Package: refcount 2019/12/15 v3.6 Data extraction from label references (HO)
)
("C:\Program Files\MiKTeX 2.9\tex/generic/gettitlestring\gettitlestring.sty"
Package: gettitlestring 2019/12/15 v1.6 Cleanup title references (HO)
)
\c@section@level=\count390
)
LaTeX Info: Redefining \ref on input line 12.
LaTeX Info: Redefining \pageref on input line 12.
LaTeX Info: Redefining \nameref on input line 12.

("C:\Program Files\MiKTeX 2.9\tex/context/base/mkii\supp-pdf.mkii"
[Loading MPS to PDF converter (version 2006.09.02).]
\scratchcounter=\count391
\scratchdimen=\dimen337
\scratchbox=\box105
\nofMPsegments=\count392
\nofMParguments=\count393
\everyMPshowfont=\toks59
\MPscratchCnt=\count394
\MPscratchDim=\dimen338
\MPnumerator=\count395
\makeMPintoPDFobject=\count396
\everyMPtoPDFconversion=\toks60
) ("C:\Program Files\MiKTeX 2.9\tex/latex/epstopdf-pkg\epstopdf-base.sty"
Package: epstopdf-base 2020-01-24 v2.11 Base part for package epstopdf
Package epstopdf-base Info: Redefining graphics rule for `.eps' on input line 4
85.
)
LaTeX Info: Redefining \microtypecontext on input line 12.
Package microtype Info: Generating PDF output.
Package microtype Info: Character protrusion enabled (level 2).
Package microtype Info: Using default protrusion set `alltext'.
Package microtype Info: Automatic font expansion enabled (level 2),
(microtype)             stretch: 20, shrink: 20, step: 1, non-selected.
Package microtype Info: Using default expansion set `basictext'.
Package microtype Info: No adjustment of tracking.
Package microtype Info: No adjustment of interword spacing.
Package microtype Info: No adjustment of character kerning.

("C:\Program Files\MiKTeX 2.9\tex/latex/microtype\mt-bch.cfg"
File: mt-bch.cfg 2007/03/03 v1.5 microtype config. file: Bitstream Charter (RS)

)
*geometry* driver: auto-detecting
*geometry* detected driver: pdftex
*geometry* verbose mode - [ preamble ] result:
* driver: pdftex
* paper: a4paper
* layout: <same size as paper>
* layoutoffset:(h,v)=(0.0pt,0.0pt)
* modes: 
* h-part:(L,W,R)=(56.9055pt, 483.69687pt, 56.9055pt)
* v-part:(T,H,B)=(56.9055pt, 702.78308pt, 85.35826pt)
* \paperwidth=597.50787pt
* \paperheight=845.04684pt
* \textwidth=483.69687pt
* \textheight=702.78308pt
* \oddsidemargin=-15.36449pt
* \evensidemargin=-15.36449pt
* \topmargin=-42.36449pt
* \headheight=17.0pt
* \headsep=10.0pt
* \topskip=12.0pt
* \footskip=53.28763pt
* \marginparwidth=117.47131pt
* \marginparsep=58.73566pt
* \columnsep=10.0pt
* \skip\footins=10.8pt plus 4.0pt minus 2.0pt
* \hoffset=0.0pt
* \voffset=0.0pt
* \mag=1000
* \@twocolumnfalse
* \@twosidefalse
* \@mparswitchfalse
* \@reversemarginfalse
* (1in=72.27pt=25.4mm, 1cm=28.453pt)

ABD: EveryShipout initializing macros
\c@lstlisting=\count397
Package caption Info: Begin \AtBeginDocument code.
Package caption Info: subfig package v1.3 is loaded.
Package caption Info: End \AtBeginDocument code.
 ABD: EverySelectfont initializing macros
LaTeX Info: Redefining \selectfont on input line 12.


pdfTeX warning: pdflatex.exe (file ./Pictures/background.pdf): PDF inclusion: f
ound PDF version <1.7>, but at most version <1.5> allowed
<Pictures/background.pdf, id=6, 597.55246pt x 845.07718pt>
File: Pictures/background.pdf Graphic file (type pdf)
<use Pictures/background.pdf>
Package pdftex.def Info: Pictures/background.pdf  used on input line 23.
(pdftex.def)             Requested size: 597.50787pt x 845.07512pt.
(Cover/header.tex
<Pictures/imgUDS.png, id=7, 90.3375pt x 107.40125pt>
File: Pictures/imgUDS.png Graphic file (type png)
<use Pictures/imgUDS.png>
Package pdftex.def Info: Pictures/imgUDS.png  used on input line 15.
(pdftex.def)             Requested size: 63.23581pt x 75.18034pt.

Underfull \hbox (badness 10000) in paragraph at lines 15--15
[]
 []


Overfull \hbox (14.86317pt too wide) in paragraph at lines 15--15
[]
 []


Underfull \hbox (badness 10000) in paragraph at lines 15--15

 []

LaTeX Font Info:    Try loading font information for OT1+pplx on input line 15.

("C:\Program Files\MiKTeX 2.9\tex/latex/psnfss\ot1pplx.fd"
File: ot1pplx.fd 2004/09/06 font definitions for OT1/pplx.
)
("C:\Program Files\MiKTeX 2.9\tex/latex/microtype\mt-ppl.cfg"
File: mt-ppl.cfg 2005/11/16 v1.6 microtype config. file: Palatino (RS)
)
LaTeX Font Info:    Try loading font information for OML+zplm on input line 15.


("C:\Program Files\MiKTeX 2.9\tex/latex/psnfss\omlzplm.fd"
File: omlzplm.fd 2002/09/08 Fontinst v1.914 font definitions for OML/zplm.
)
LaTeX Font Info:    Try loading font information for OMS+zplm on input line 15.


("C:\Program Files\MiKTeX 2.9\tex/latex/psnfss\omszplm.fd"
File: omszplm.fd 2002/09/08 Fontinst v1.914 font definitions for OMS/zplm.
)
LaTeX Font Info:    Try loading font information for OMX+zplm on input line 15.


("C:\Program Files\MiKTeX 2.9\tex/latex/psnfss\omxzplm.fd"
File: omxzplm.fd 2002/09/08 Fontinst v1.914 font definitions for OMX/zplm.
)
LaTeX Font Info:    Try loading font information for OT1+zplm on input line 15.


("C:\Program Files\MiKTeX 2.9\tex/latex/psnfss\ot1zplm.fd"
File: ot1zplm.fd 2002/09/08 Fontinst v1.914 font definitions for OT1/zplm.
)
Package microtype Info: Loading generic protrusion settings for font family
(microtype)             `zplm' (encoding: OT1).
(microtype)             For optimal results, create family-specific settings.
(microtype)             See the microtype manual for details.
LaTeX Font Info:    Font shape `U/msa/m/n' will be
(Font)              scaled to size 12.50409pt on input line 15.

("C:\Program Files\MiKTeX 2.9\tex/latex/microtype\mt-msa.cfg"
File: mt-msa.cfg 2006/02/04 v1.1 microtype config. file: AMS symbols (a) (RS)
)
LaTeX Font Info:    Font shape `U/msa/m/n' will be
(Font)              scaled to size 9.37807pt on input line 15.
LaTeX Font Info:    Font shape `U/msa/m/n' will be
(Font)              scaled to size 7.29405pt on input line 15.
LaTeX Font Info:    Font shape `U/msb/m/n' will be
(Font)              scaled to size 12.50409pt on input line 15.

("C:\Program Files\MiKTeX 2.9\tex/latex/microtype\mt-msb.cfg"
File: mt-msb.cfg 2005/06/01 v1.0 microtype config. file: AMS symbols (b) (RS)
)
LaTeX Font Info:    Font shape `U/msb/m/n' will be
(Font)              scaled to size 9.37807pt on input line 15.
LaTeX Font Info:    Font shape `U/msb/m/n' will be
(Font)              scaled to size 7.29405pt on input line 15.
)
(Cover/title.tex) (Cover/editor.tex) (Cover/footer.tex) [1

{C:/Users/Stephane_Nkeuga/AppData/Local/MiKTeX/2.9/pdftex/config/pdftex.map} <.
/Pictures/background.pdf> <./Pictures/imgUDS.png>]
\openout2 = `Chapters/dedicaces.aux'.

 (Chapters/dedicaces.tex
Overfull \hbox (17.62482pt too wide) in paragraph at lines 12--13
[][] 
 []

) [1



]
\openout2 = `Chapters/acknowledgements.aux'.

 (Chapters/acknowledgements.tex) [2



]
Package minitoc Info: I0024
(minitoc)             PREPARING MINITOCS FROM Memoire_Stephane_Nkeuga.toc on in
put line 36.
Package minitoc Info: I0033
(minitoc)             Writing Memoire_Stephane_Nkeuga.mtc1.
\openout3 = `Memoire_Stephane_Nkeuga.mtc1'.

Package minitoc Info: I0033
(minitoc)             Writing Memoire_Stephane_Nkeuga.mtc2.
\openout3 = `Memoire_Stephane_Nkeuga.mtc2'.

Package minitoc Info: I0033
(minitoc)             Writing Memoire_Stephane_Nkeuga.mtc3.
\openout3 = `Memoire_Stephane_Nkeuga.mtc3'.

Package minitoc Info: I0033
(minitoc)             Writing Memoire_Stephane_Nkeuga.mtc4.
\openout3 = `Memoire_Stephane_Nkeuga.mtc4'.

Package minitoc Info: I0033
(minitoc)             Writing Memoire_Stephane_Nkeuga.mtc5.
\openout3 = `Memoire_Stephane_Nkeuga.mtc5'.

Package minitoc Info: I0033
(minitoc)             Writing Memoire_Stephane_Nkeuga.mtc6.
\openout3 = `Memoire_Stephane_Nkeuga.mtc6'.

Package minitoc Info: I0033
(minitoc)             Writing Memoire_Stephane_Nkeuga.mtc7.
\openout3 = `Memoire_Stephane_Nkeuga.mtc7'.

Package minitoc Info: I0033
(minitoc)             Writing Memoire_Stephane_Nkeuga.mtc8.
\openout3 = `Memoire_Stephane_Nkeuga.mtc8'.

Package minitoc Info: I0033
(minitoc)             Writing Memoire_Stephane_Nkeuga.mtc9.
\openout3 = `Memoire_Stephane_Nkeuga.mtc9'.

Package minitoc Info: I0033
(minitoc)             Writing Memoire_Stephane_Nkeuga.mtc10.
\openout3 = `Memoire_Stephane_Nkeuga.mtc10'.

Package minitoc Info: I0033
(minitoc)             Writing Memoire_Stephane_Nkeuga.mtc11.
\openout3 = `Memoire_Stephane_Nkeuga.mtc11'.

Package minitoc Info: I0033
(minitoc)             Writing Memoire_Stephane_Nkeuga.mtc12.
\openout3 = `Memoire_Stephane_Nkeuga.mtc12'.

 (Memoire_Stephane_Nkeuga.toc [3


]
Underfull \hbox (badness 10000) in paragraph at lines 63--63
 [][] [][]\T1/bch/m/sc/12 (-3) p r  [] t r a i -t e -m e n t d e s d o n -n  
e s e t c o n s t r u c -t i o n d u j e u d e 
 []


Overfull \hbox (11.10178pt too wide) in paragraph at lines 68--68
 [][] [][]\T1/bch/m/sc/12 (-20) i m -p l  -m e n -t a -t i o n : p r  -s e n 
-t a -t i o n d e s d i f -f  -r e n t s o u -t i l s e t i n - 
 []

)
\tf@toc=\write6
\openout6 = `Memoire_Stephane_Nkeuga.toc'.

 [4] (Memoire_Stephane_Nkeuga.lof)
\tf@lof=\write7
\openout7 = `Memoire_Stephane_Nkeuga.lof'.

 [5

] [6] (Memoire_Stephane_Nkeuga.lot)
\tf@lot=\write8
\openout8 = `Memoire_Stephane_Nkeuga.lot'.


[7

]
\openout2 = `Chapters/abstract_FR.aux'.

 (Chapters/abstract_FR.tex) [8


]
\openout2 = `Chapters/abstract_EN.aux'.

 (Chapters/abstract_EN.tex) [9



]
\openout2 = `Chapters/introduction.aux'.


(Chapters/introduction.tex
\openout3 = `Memoire_Stephane_Nkeuga.mtc'.

\openout3 = `Memoire_Stephane_Nkeuga.mtc'.

LaTeX Font Info:    Font shape `U/msa/m/n' will be
(Font)              scaled to size 11.40997pt on input line 3.
LaTeX Font Info:    Font shape `U/msa/m/n' will be
(Font)              scaled to size 8.33606pt on input line 3.
LaTeX Font Info:    Font shape `U/msa/m/n' will be
(Font)              scaled to size 6.25204pt on input line 3.
LaTeX Font Info:    Font shape `U/msb/m/n' will be
(Font)              scaled to size 11.40997pt on input line 3.
LaTeX Font Info:    Font shape `U/msb/m/n' will be
(Font)              scaled to size 8.33606pt on input line 3.
LaTeX Font Info:    Font shape `U/msb/m/n' will be
(Font)              scaled to size 6.25204pt on input line 3.
 (Memoire_Stephane_Nkeuga.mtc7)pdfTeX warning (ext4): destination with the same
 identifier (name{page.1}) has been already used, duplicate ignored
<to be read again> 
                   \relax 
l.8 \section{Problmatique}
                            [1



]
Underfull \hbox (badness 10000) in paragraph at lines 10--11

 []


Underfull \hbox (badness 10000) in paragraph at lines 14--18

 []


Underfull \hbox (badness 10000) in paragraph at lines 21--29

 []

[2]
Underfull \hbox (badness 10000) in paragraph at lines 30--37

 []

[3]) [4]
\openout2 = `Chapters/chapitre1.aux'.

 (Chapters/chapitre1.tex
Chapitre 1.
\openout3 = `Memoire_Stephane_Nkeuga.mtc'.

\openout3 = `Memoire_Stephane_Nkeuga.mtc'.

(Memoire_Stephane_Nkeuga.mtc8)
Underfull \hbox (badness 10000) in paragraph at lines 23--32

 []

[5



] [6]
Underfull \hbox (badness 10000) in paragraph at lines 81--82

 []

[7] [8]
Overfull \hbox (5.32837pt too wide) in paragraph at lines 118--118
|[]\T1/bch/b/n/12 Le mo-dle de Mc-Call : Fac-teurs Cri-tres Mtriques-FCM : Q
ua-lit lo-gi-ciel orient
 []

[9]
<Pictures/McCalls-Software-Quality-Factors.png, id=328, 853.1875pt x 662.475pt>

File: Pictures/McCalls-Software-Quality-Factors.png Graphic file (type png)
<use Pictures/McCalls-Software-Quality-Factors.png>
Package pdftex.def Info: Pictures/McCalls-Software-Quality-Factors.png  used on
 input line 150.
(pdftex.def)             Requested size: 170.63448pt x 132.49265pt.
<Pictures/mccall.png, id=329, 437.38406pt x 357.58594pt>
File: Pictures/mccall.png Graphic file (type png)
<use Pictures/mccall.png>
Package pdftex.def Info: Pictures/mccall.png  used on input line 162.
(pdftex.def)             Requested size: 306.16675pt x 250.30844pt.
 [10 <./Pictures/McCalls-Software-Quality-Factors.png>]
Underfull \hbox (badness 10000) in paragraph at lines 167--178

 []


Underfull \hbox (badness 10000) in paragraph at lines 181--182

 []

[11 <./Pictures/mccall.png>]
Underfull \hbox (badness 10000) in paragraph at lines 194--195

 []

<Pictures/boeh.jpg, id=341, 484.81125pt x 356.83313pt>
File: Pictures/boeh.jpg Graphic file (type jpg)
<use Pictures/boeh.jpg>
Package pdftex.def Info: Pictures/boeh.jpg  used on input line 203.
(pdftex.def)             Requested size: 339.36555pt x 249.78148pt.
<Pictures/iso9126.png, id=344, 481.04718pt x 360.59718pt>
File: Pictures/iso9126.png Graphic file (type png)
<use Pictures/iso9126.png>
Package pdftex.def Info: Pictures/iso9126.png  used on input line 222.
(pdftex.def)             Requested size: 384.83827pt x 288.47813pt.
[12 <./Pictures/boeh.jpg>] [13 <./Pictures/iso9126.png>]
<Pictures/saqure.png, id=356, 516.42938pt x 255.20343pt>
File: Pictures/saqure.png Graphic file (type png)
<use Pictures/saqure.png>
Package pdftex.def Info: Pictures/saqure.png  used on input line 261.
(pdftex.def)             Requested size: 516.42812pt x 255.2028pt.

Overfull \hbox (32.73125pt too wide) in paragraph at lines 261--262
 [][] 
 []

<Pictures/dromey.jpg, id=359, 262.73157pt x 116.68594pt>
File: Pictures/dromey.jpg Graphic file (type jpg)
<use Pictures/dromey.jpg>
Package pdftex.def Info: Pictures/dromey.jpg  used on input line 299.
(pdftex.def)             Requested size: 262.73091pt x 116.68564pt.

Overfull \hbox (14.2067pt too wide) in paragraph at lines 317--341
 [] 
 []

[14 <./Pictures/saqure.png>] [15 <./Pictures/dromey.jpg>]
<Pictures/cqm.png, id=372, 669.2503pt x 420.06938pt>
File: Pictures/cqm.png Graphic file (type png)
<use Pictures/cqm.png>
Package pdftex.def Info: Pictures/cqm.png  used on input line 374.
(pdftex.def)             Requested size: 334.62433pt x 210.03418pt.
 [16] [17 <./Pictures/cqm.png>]
Underfull \hbox (badness 10000) in paragraph at lines 408--409

 []

[18]
Underfull \hbox (badness 10000) in paragraph at lines 433--434

 []

<Pictures/cc1.PNG, id=394, 362.85562pt x 323.70938pt>
File: Pictures/cc1.PNG Graphic file (type png)
<use Pictures/cc1.PNG>
Package pdftex.def Info: Pictures/cc1.PNG  used on input line 442.
(pdftex.def)             Requested size: 145.13968pt x 129.48145pt.
<Pictures/cc2.PNG, id=395, 364.36125pt x 327.47343pt>
File: Pictures/cc2.PNG Graphic file (type png)
<use Pictures/cc2.PNG>
Package pdftex.def Info: Pictures/cc2.PNG  used on input line 448.
(pdftex.def)             Requested size: 145.74191pt x 130.98705pt.
<Pictures/cc3.PNG, id=396, 372.64218pt x 315.42844pt>
File: Pictures/cc3.PNG Graphic file (type png)
<use Pictures/cc3.PNG>
Package pdftex.def Info: Pictures/cc3.PNG  used on input line 448.
(pdftex.def)             Requested size: 149.05423pt x 126.16913pt.
<Pictures/cc4.PNG, id=397, 368.1253pt x 322.20375pt>
File: Pictures/cc4.PNG Graphic file (type png)
<use Pictures/cc4.PNG>
Package pdftex.def Info: Pictures/cc4.PNG  used on input line 448.
(pdftex.def)             Requested size: 147.24751pt x 128.87921pt.
[19 <./Pictures/cc1.PNG>]
Underfull \hbox (badness 10000) in paragraph at lines 467--468

 []

[20 <./Pictures/cc2.PNG> <./Pictures/cc3.PNG> <./Pictures/cc4.PNG>]
Underfull \hbox (badness 10000) in paragraph at lines 501--517

 []


Underfull \hbox (badness 10000) in paragraph at lines 501--517

 []


Underfull \hbox (badness 10000) in paragraph at lines 518--541

 []

[21]
Underfull \hbox (badness 10000) in paragraph at lines 543--550

 []


Underfull \hbox (badness 10000) in paragraph at lines 551--575

 []


Underfull \hbox (badness 10000) in paragraph at lines 551--575

 []


Underfull \hbox (badness 10000) in paragraph at lines 551--575

 []

[22]
Underfull \hbox (badness 10000) in paragraph at lines 575--583

 []


Underfull \hbox (badness 10000) in paragraph at lines 584--658

 []


Underfull \hbox (badness 10000) in paragraph at lines 584--658

 []


Underfull \hbox (badness 10000) in paragraph at lines 584--658

 []


Underfull \hbox (badness 10000) in paragraph at lines 584--658

 []


Underfull \hbox (badness 10000) in paragraph at lines 584--658

 []

[23] [24]
Underfull \hbox (badness 10000) in paragraph at lines 659--685

 []

[25]
Overfull \hbox (5.51941pt too wide) in paragraph at lines 726--743
 [] 
 []


Underfull \hbox (badness 10000) in paragraph at lines 757--758

 []


Underfull \hbox (badness 10000) in paragraph at lines 759--769

 []

[26]
Underfull \hbox (badness 10000) in paragraph at lines 770--772

 []


Underfull \hbox (badness 10000) in paragraph at lines 777--778

 []

<Pictures/ml.jpg, id=453, 490.83376pt x 145.29282pt>
File: Pictures/ml.jpg Graphic file (type jpg)
<use Pictures/ml.jpg>
Package pdftex.def Info: Pictures/ml.jpg  used on input line 781.
(pdftex.def)             Requested size: 343.58128pt x 101.70427pt.

Underfull \hbox (badness 10000) in paragraph at lines 785--786

 []


Underfull \hbox (badness 10000) in paragraph at lines 787--788

 []

[27]
<Pictures/figure2.png, id=459, 489.32813pt x 240.14719pt>
File: Pictures/figure2.png Graphic file (type png)
<use Pictures/figure2.png>
Package pdftex.def Info: Pictures/figure2.png  used on input line 793.
(pdftex.def)             Requested size: 342.52734pt x 168.10187pt.

Overfull \hbox (11.38728pt too wide) in alignment at lines 808--811
 [] [] [] 
 []


Overfull \hbox (11.38728pt too wide) in alignment at lines 811--814
 [] [] [] 
 []


Overfull \hbox (11.38728pt too wide) in alignment at lines 814--816
 [] [] [] 
 []


Overfull \hbox (11.38728pt too wide) in alignment at lines 816--817
 [] [] [] 
 []


Overfull \hbox (11.38728pt too wide) in alignment at lines 817--875
 [] [] [] 
 []


Overfull \hbox (11.38728pt too wide) in alignment at lines 875--878
 [] [] [] 
 []

[28 <./Pictures/ml.jpg> <./Pictures/figure2.png>] [29] [30]
<Pictures/fig3.png, id=484, 252.19218pt x 174.6525pt>
File: Pictures/fig3.png Graphic file (type png)
<use Pictures/fig3.png>
Package pdftex.def Info: Pictures/fig3.png  used on input line 889.
(pdftex.def)             Requested size: 201.75401pt x 139.72218pt.
<Pictures/fig4.png, id=485, 225.84375pt x 225.84375pt>
File: Pictures/fig4.png Graphic file (type png)
<use Pictures/fig4.png>
Package pdftex.def Info: Pictures/fig4.png  used on input line 897.
(pdftex.def)             Requested size: 180.67523pt x 180.67523pt.
 [31 <./Pictures/fig3.png> <./Pictures/fig4.png>]
<Pictures/fig5.jpg, id=492, 395.22656pt x 197.23688pt>
File: Pictures/fig5.jpg Graphic file (type jpg)
<use Pictures/fig5.jpg>
Package pdftex.def Info: Pictures/fig5.jpg  used on input line 906.
(pdftex.def)             Requested size: 316.18167pt x 157.78969pt.
 [32 <./Pictures/fig5.jpg>]
<Pictures/fig8.jpg, id=501, 362.85562pt x 156.585pt>
File: Pictures/fig8.jpg Graphic file (type jpg)
<use Pictures/fig8.jpg>
Package pdftex.def Info: Pictures/fig8.jpg  used on input line 941.
(pdftex.def)             Requested size: 290.28488pt x 125.26816pt.
 [33 <./Pictures/fig8.jpg>]
<Pictures/fig7.png, id=511, 541.27219pt x 414.79968pt>
File: Pictures/fig7.png Graphic file (type png)
<use Pictures/fig7.png>
Package pdftex.def Info: Pictures/fig7.png  used on input line 966.
(pdftex.def)             Requested size: 270.63542pt x 207.39934pt.
 [34 <./Pictures/fig7.png>]
<Pictures/fig10.png, id=519, 400.49625pt x 186.6975pt>
File: Pictures/fig10.png Graphic file (type png)
<use Pictures/fig10.png>
Package pdftex.def Info: Pictures/fig10.png  used on input line 1020.
(pdftex.def)             Requested size: 400.49527pt x 186.69704pt.
<Pictures/fig11.png, id=522, 401.24907pt x 179.92218pt>
File: Pictures/fig11.png Graphic file (type png)
<use Pictures/fig11.png>
Package pdftex.def Info: Pictures/fig11.png  used on input line 1030.
(pdftex.def)             Requested size: 401.24808pt x 179.92174pt.
<Pictures/fig12.png, id=525, 401.24907pt x 170.88844pt>
File: Pictures/fig12.png Graphic file (type png)
<use Pictures/fig12.png>
Package pdftex.def Info: Pictures/fig12.png  used on input line 1043.
(pdftex.def)             Requested size: 401.24808pt x 170.88802pt.

Underfull \hbox (badness 10000) in paragraph at lines 1061--1072

 []

[35 <./Pictures/fig10.png>] [36 <./Pictures/fig11.png> <./Pictures/fig12.png>]
<Pictures/adaboost.jpg, id=539, 720.44156pt x 410.2828pt>
File: Pictures/adaboost.jpg Graphic file (type jpg)
<use Pictures/adaboost.jpg>
Package pdftex.def Info: Pictures/adaboost.jpg  used on input line 1076.
(pdftex.def)             Requested size: 360.2199pt x 205.1409pt.

Underfull \hbox (badness 10000) in paragraph at lines 1079--1092

 []


Underfull \hbox (badness 10000) in paragraph at lines 1094--1127

 []

[37 <./Pictures/adaboost.jpg>]
<Pictures/randomforest.jpg, id=544, 880.79062pt x 593.21625pt>
File: Pictures/randomforest.jpg Graphic file (type jpg)
<use Pictures/randomforest.jpg>
Package pdftex.def Info: Pictures/randomforest.jpg  used on input line 1146.
(pdftex.def)             Requested size: 440.39423pt x 296.60739pt.
 [38] [39 <./Pictures/randomforest.jpg>]

LaTeX Warning: Citation `khoshgoftaar1996early;khoshgoftaar1999assessing' on pa
ge 40 undefined on input line 1206.


Underfull \hbox (badness 10000) in paragraph at lines 1191--1232

 []


Package Fancyhdr Warning: \headheight is too small (17.0pt): 
Make it at least 30.06403pt.
We now make it that large for the rest of the document.
This may cause the page layout to be inconsistent, however.

[40]
Underfull \hbox (badness 10000) in paragraph at lines 1242--1280

 []

[41] [42]
Overfull \hbox (2.23688pt too wide) in paragraph at lines 1312--1312
|[]\T1/bch/b/n/14.4 PRVISION DE LA QUA-LIT DES LO-GI-CIELS BA-SE SUR L'AP-PR
EN-
 []

[43]) [44]
\openout2 = `Chapters/chapitre2.aux'.

 (Chapters/chapitre2.tex
Chapitre 2.
\openout3 = `Memoire_Stephane_Nkeuga.mtc'.

\openout3 = `Memoire_Stephane_Nkeuga.mtc'.

(Memoire_Stephane_Nkeuga.mtc9)
Underfull \hbox (badness 10000) in paragraph at lines 13--15

 []


Underfull \vbox (badness 10000) detected at line 35
 []

[45



]
Underfull \hbox (badness 10000) in paragraph at lines 37--39

 []


Overfull \hbox (2.5416pt too wide) in paragraph at lines 46--47
 \T1/bch/b/n/12 caractristiques 
 []


Overfull \hbox (39.84004pt too wide) in alignment at lines 40--52
 [] [] [] 
 []


Overfull \hbox (2.5416pt too wide) in paragraph at lines 57--58
 \T1/bch/b/n/12 caractristiques 
 []


Overfull \hbox (39.84004pt too wide) in alignment at lines 52--62
 [] [] [] 
 []


Overfull \hbox (39.84004pt too wide) in alignment at lines 62--64
 [] [] [] 
 []


Overfull \hbox (39.84004pt too wide) in alignment at lines 64--65
 [] [] [] 
 []


Underfull \hbox (badness 10000) in paragraph at lines 71--71
[]|\T1/bch/b/n/12 Capacit
 []


Overfull \hbox (2.27718pt too wide) in paragraph at lines 71--71
[]|\T1/bch/m/n/12 (-20) L'interoprabilit| 
 []


Underfull \hbox (badness 10000) in paragraph at lines 78--78
[]|\T1/bch/m/n/12 (+20) Tolrance aux
 []


Overfull \hbox (8.09834pt too wide) in paragraph at lines 82--82
[]|\T1/bch/m/n/12 (-20) Comprhensibilit| 
 []


Underfull \hbox (badness 10000) in paragraph at lines 83--83
[]|\T1/bch/b/n/12 Facilit
 []


Underfull \hbox (badness 10000) in paragraph at lines 83--83
[]|\T1/bch/m/n/12 (+20) Facilit d'ap-
 []


Underfull \hbox (badness 10000) in paragraph at lines 87--87
[]|\T1/bch/m/n/12 (+20) efficacit en
 []


Overfull \hbox (39.84004pt too wide) in alignment at lines 65--104
 [] [] [] 
 []


Overfull \hbox (7.15755pt too wide) in paragraph at lines 105--105
[]|\T1/bch/m/n/12 (-20) interchangeabilit| 
 []


Overfull \hbox (39.84004pt too wide) in alignment at lines 104--112
 [] [] [] 
 []

[46] [47]
Overfull \hbox (18.34981pt too wide) in paragraph at lines 116--119
[]\T1/bch/m/n/12 (-20) La pro-chaine tape consiste  as-so-cier les m-triques
 aux ca-rac-t-ris-tiques et sous-caractristiques
 []


Underfull \hbox (badness 10000) in paragraph at lines 116--119

 []


Underfull \hbox (badness 10000) in paragraph at lines 128--128
[]|\T1/bch/m/n/12 (+20) Localisation de
 []


Underfull \vbox (badness 10000) detected at line 141
 []


Underfull \hbox (badness 10000) in paragraph at lines 149--149
[]|\T1/bch/m/n/12 (+20) Prsence des do-cu-ments de for-ma-
 []


Underfull \hbox (badness 10000) in paragraph at lines 153--153
[]|\T1/bch/m/n/12 (+20) Niveau d ?ex-per-tise (d-bu-tant,
 []


Underfull \hbox (badness 10000) in paragraph at lines 154--154
[]|\T1/bch/m/n/12 (+20) Niveau d ?ex-per-tise (d-bu-tant,
 []


Underfull \hbox (badness 10000) in paragraph at lines 155--155
[]|\T1/bch/m/n/12 (+20) Niveau d ?ex-per-tise (d-bu-tant,
 []


Underfull \hbox (badness 10000) in paragraph at lines 158--158
[]|\T1/bch/m/n/12 (+20) Niveau de com-
 []


Underfull \vbox (badness 10000) detected at line 166
 []

[48]
Overfull \hbox (12.25075pt too wide) in paragraph at lines 176--176
[]|[]| 
 []


Overfull \hbox (31.13873pt too wide) in paragraph at lines 179--179
[]|[]| 
 []


Underfull \vbox (badness 10000) detected at line 184
 []

[49]
Underfull \hbox (badness 10000) in paragraph at lines 186--193

 []


Underfull \hbox (badness 10000) in paragraph at lines 197--197
[]|\T1/bch/m/n/12 (+20) Nombres de
 []


Underfull \hbox (badness 1755) in paragraph at lines 198--198
[]|\T1/bch/m/n/12 (+20) Nombre hi-rar-
 []


Underfull \hbox (badness 10000) in paragraph at lines 199--199
[]|\T1/bch/m/n/12 (+20) Nombre d ?an-
 []


Overfull \hbox (0.92157pt too wide) in paragraph at lines 200--200
[]|\T1/bch/m/n/12 (-20) Encapsulation| 
 []


Underfull \hbox (badness 2020) in paragraph at lines 202--202
[]|\T1/bch/m/n/12 (+20) Mesure d'ac-cs
 []


Underfull \hbox (badness 1708) in paragraph at lines 205--205
[]|\T1/bch/m/n/12 (+20) Cohsion entre
 []


Underfull \hbox (badness 10000) in paragraph at lines 205--205
\T1/bch/m/n/12 (+20) les m-thodes
 []


Underfull \hbox (badness 10000) in paragraph at lines 206--206
[]|\T1/bch/m/n/12 (+20) Mesure de
 []


Underfull \hbox (badness 10000) in paragraph at lines 207--207
[]|\T1/bch/m/n/12 (+20) Mesure de
 []


Underfull \hbox (badness 10000) in paragraph at lines 207--207
\T1/bch/m/n/12 (+20) l'abs-trac-tion
 []


Overfull \hbox (7.83592pt too wide) in paragraph at lines 209--209
[]|\T1/bch/m/n/12 (-20) Polymorphisme| 
 []


Underfull \hbox (badness 10000) in paragraph at lines 210--210
[]|\T1/bch/m/n/12 (+20) Appel et
 []


Underfull \hbox (badness 10000) in paragraph at lines 210--210
\T1/bch/m/n/12 (+20) uti-li-sa-
 []


Overfull \hbox (15.45691pt too wide) in paragraph at lines 210--210
\T1/bch/m/n/12 (-20) tion(messagerie)| 
 []


Underfull \hbox (badness 4132) in paragraph at lines 210--211
[]|\T1/bch/m/n/12 (+20) Taille des m-
 []


Underfull \vbox (badness 10000) detected at line 215
 []

[50]
Underfull \hbox (badness 10000) in paragraph at lines 217--218

 []


Underfull \hbox (badness 10000) in paragraph at lines 223--224
[]|\T1/bch/m/n/12 (+20) =$\OT1/pplx/m/n/12 0.25 \OMS/zplm/m/n/12  \OML/zplm/m/
it/12 Encapsulation\OT1/zplm/m/n/12 ?\OT1/pplx/m/n/12 0.25 \OMS/zplm/m/n/12  \
OML/zplm/m/it/12 Coupling \OT1/zplm/m/n/12 + \OT1/pplx/m/n/12 0.5 \OMS/zplm/m/n
/12 
 []


Underfull \hbox (badness 10000) in paragraph at lines 225--226
[]|\T1/bch/m/n/12 (+20) = $\OT1/zplm/m/n/12 ?\OT1/pplx/m/n/12 0.33 \OMS/zplm/m/
n/12  \OML/zplm/m/it/12 Abstraction \OT1/zplm/m/n/12 + \OT1/pplx/m/n/12 0.33 \
OMS/zplm/m/n/12  \OML/zplm/m/it/12 Encapsulation\OT1/zplm/m/n/12 ?\OT1/pplx/m/
n/12 0.33 \OMS/zplm/m/n/12 
 []


Underfull \hbox (badness 10000) in paragraph at lines 225--226
\OML/zplm/m/it/12 Coupling \OT1/zplm/m/n/12 + \OT1/pplx/m/n/12 0.33 \OMS/zplm/m
/n/12  \OML/zplm/m/it/12 Cohesion\OT1/zplm/m/n/12 ?\OT1/pplx/m/n/12 0.33 \OMS/
zplm/m/n/12  \OML/zplm/m/it/12 Polymorphism\OT1/zplm/m/n/12 ?\OT1/pplx/m/n/12 
0.33 \OMS/zplm/m/n/12 
 []


Underfull \hbox (badness 10000) in paragraph at lines 227--227
[]|\T1/bch/m/n/12 (+20) = $\OT1/pplx/m/n/12 0.12 \OMS/zplm/m/n/12  \OML/zplm/m
/it/12 Cohesion \OT1/zplm/m/n/12 + \OT1/pplx/m/n/12 0.22 \OMS/zplm/m/n/12  \OM
L/zplm/m/it/12 Polymorphism \OT1/zplm/m/n/12 + \OT1/pplx/m/n/12 0.22 \OMS/zplm/
m/n/12 
 []


Underfull \hbox (badness 10000) in paragraph at lines 229--229
[]|\T1/bch/m/n/12 (+20) = $\OT1/pplx/m/n/12 0.2 \OMS/zplm/m/n/12  \OML/zplm/m/
it/12 Abstraction \OT1/zplm/m/n/12 + \OT1/pplx/m/n/12 0.2 \OMS/zplm/m/n/12  \O
ML/zplm/m/it/12 Encapsulation \OT1/zplm/m/n/12 + \OT1/pplx/m/n/12 0.2 \OMS/zplm
/m/n/12 
 []


Overfull \hbox (12.65364pt too wide) in alignment at lines 219--233
 [] [] 
 []


Underfull \vbox (badness 10000) detected at line 233
 []

[51]
Underfull \hbox (badness 10000) in paragraph at lines 252--264

 []

<Pictures/metricquality.PNG, id=613, 618.81187pt x 298.11375pt>
File: Pictures/metricquality.PNG Graphic file (type png)
<use Pictures/metricquality.PNG>
Package pdftex.def Info: Pictures/metricquality.PNG  used on input line 271.
(pdftex.def)             Requested size: 495.05017pt x 238.49132pt.

Overfull \hbox (11.3533pt too wide) in paragraph at lines 271--272
 [][] 
 []

[52]
Overfull \hbox (15.4903pt too wide) in paragraph at lines 275--282
[]\T1/bch/m/n/12 (-20) La ca-rac-t-ris-tique main-te-na-bi-lit qui par exempl
e est = $\OML/zplm/m/it/12  \OMS/zplm/m/n/12  \OML/zplm/m/it/12 Analysability
 \OT1/zplm/m/n/12 + \OML/zplm/m/it/12  \OMS/zplm/m/n/12  \OML/zplm/m/it/12 Ch
angeability \OT1/zplm/m/n/12 +
 []


Underfull \hbox (badness 10000) in paragraph at lines 275--282

 []


Underfull \hbox (badness 10000) in paragraph at lines 286--305

 []


Underfull \hbox (badness 10000) in paragraph at lines 286--305

 []


Underfull \hbox (badness 10000) in paragraph at lines 286--305

 []


Underfull \hbox (badness 10000) in paragraph at lines 286--305

 []


Underfull \hbox (badness 10000) in paragraph at lines 286--305

 []


Underfull \hbox (badness 10000) in paragraph at lines 286--305

 []


Overfull \hbox (49.74777pt too wide) in paragraph at lines 286--305
\T1/bch/m/n/12 (-20) Pour l'ex-trac-tion de ce code, nous uti-li-sons les at-tr
i-buts HAL-STEAD_OPERATOR, HAL-STEAD_OPERANDS,
 []

[53 <./Pictures/metricquality.PNG>]
Underfull \hbox (badness 10000) in paragraph at lines 317--324

 []

[54]
<Pictures/recapchap2.PNG, id=627, 839.38594pt x 88.83188pt>
File: Pictures/recapchap2.PNG Graphic file (type png)
<use Pictures/recapchap2.PNG>
Package pdftex.def Info: Pictures/recapchap2.PNG  used on input line 351.
(pdftex.def)             Requested size: 419.69194pt x 44.41582pt.
) [55 <./Pictures/recapchap2.PNG>]
\openout2 = `Chapters/chapitre3.aux'.

 (Chapters/chapitre3.tex
Chapitre 3.
\openout3 = `Memoire_Stephane_Nkeuga.mtc'.

\openout3 = `Memoire_Stephane_Nkeuga.mtc'.

(Memoire_Stephane_Nkeuga.mtc10
Overfull \hbox (3.2264pt too wide) in paragraph at lines 3--3
 [][] [][]\T1/bch/m/n/10.95 (-20) Prsentation de l'ex-trac-teur des m-triques
 CK(Chidamber-Kemerer me-trics)[] []  
 []

)
Underfull \hbox (badness 10000) in paragraph at lines 6--17

 []

[56



]
Overfull \hbox (20.58408pt too wide) in paragraph at lines 33--33
|[]\T1/bch/b/n/17.28 Prsentation de l'ex-trac-teur des m-triques CK(Chidamber
-
 []


Underfull \hbox (badness 10000) in paragraph at lines 41--43

 []

[57]
Underfull \hbox (badness 10000) in paragraph at lines 44--45

 []

<Pictures/ck1.png, id=646, 437.38406pt x 141.52875pt>
File: Pictures/ck1.png Graphic file (type png)
<use Pictures/ck1.png>
Package pdftex.def Info: Pictures/ck1.png  used on input line 48.
(pdftex.def)             Requested size: 437.38298pt x 141.5284pt.
[58 <./Pictures/ck1.png>]
Underfull \hbox (badness 10000) in paragraph at lines 54--55

 []

<Pictures/ck2.png, id=651, 437.38406pt x 236.38312pt>
File: Pictures/ck2.png Graphic file (type png)
<use Pictures/ck2.png>
Package pdftex.def Info: Pictures/ck2.png  used on input line 59.
(pdftex.def)             Requested size: 437.38298pt x 236.38254pt.

Overfull \hbox (5.24644pt too wide) in paragraph at lines 64--65
[]\T1/bch/b/n/12 java -jar ck-x.x.x-SNAPSHOT-jar-with-dependencies.jar <pro-jec
t dir-rec-tory> <use-
 []

<Pictures/ck3.png, id=652, 437.38406pt x 71.51718pt>
File: Pictures/ck3.png Graphic file (type png)
<use Pictures/ck3.png>
Package pdftex.def Info: Pictures/ck3.png  used on input line 69.
(pdftex.def)             Requested size: 437.38298pt x 71.517pt.
<Pictures/ck4.png, id=653, 336.50719pt x 264.99pt>
File: Pictures/ck4.png Graphic file (type png)
<use Pictures/ck4.png>
Package pdftex.def Info: Pictures/ck4.png  used on input line 74.
(pdftex.def)             Requested size: 336.50635pt x 264.98935pt.
[59 <./Pictures/ck2.png> <./Pictures/ck3.png>]
<Pictures/weka_summarized.jpg, id=658, 451.6875pt x 405.76593pt>
File: Pictures/weka_summarized.jpg Graphic file (type jpg)
<use Pictures/weka_summarized.jpg>
Package pdftex.def Info: Pictures/weka_summarized.jpg  used on input line 84.
(pdftex.def)             Requested size: 316.17908pt x 284.03421pt.
<Pictures/weka2.png, id=659, 546.54187pt x 380.92313pt>
File: Pictures/weka2.png Graphic file (type png)
<use Pictures/weka2.png>
Package pdftex.def Info: Pictures/weka2.png  used on input line 106.
(pdftex.def)             Requested size: 437.23409pt x 304.73889pt.

Underfull \hbox (badness 10000) in paragraph at lines 111--118

 []

[60 <./Pictures/ck4.png>] [61 <./Pictures/weka_summarized.jpg> <./Pictures/weka
2.png>] [62]) [63]
\openout2 = `Chapters/conclusion.aux'.

 (Chapters/conclusion.tex
Package minitoc Info: I0006
(minitoc)             Memoire_Stephane_Nkeuga.mtc11 is empty on input line 4.
) [64



] (Memoire_Stephane_Nkeuga.bbl
[65


])
Package minitoc Info: I0009
(minitoc)             Listing minitoc auxiliary files. 
(minitoc)             Creating the Memoire_Stephane_Nkeuga.maf file.
\openout3 = `Memoire_Stephane_Nkeuga.maf'.



Package minitoc(hints) Warning: W0033
(minitoc(hints))                The caption package should be 
(minitoc(hints))                loaded BEFORE the minitoc package.

Package minitoc(hints) Info: I0053
(minitoc(hints))             You have loaded the float package; 
(minitoc(hints))             please be aware that the minitoc package 
(minitoc(hints))             facilities can not be used for new types 
(minitoc(hints))             of floats defined by the float package.

Package minitoc(hints) Warning: W0024
(minitoc(hints))                Some hints have been written 
(minitoc(hints))                in the Memoire_Stephane_Nkeuga.log file.

[66]
Package atveryend Info: Empty hook `BeforeClearDocument' on input line 79.
Package atveryend Info: Empty hook `AfterLastShipout' on input line 79.
 (Memoire_Stephane_Nkeuga.aux (Chapters/dedicaces.aux)
(Chapters/acknowledgements.aux) (Chapters/abstract_FR.aux)
(Chapters/abstract_EN.aux) (Chapters/introduction.aux) (Chapters/chapitre1.aux)
(Chapters/chapitre2.aux) (Chapters/chapitre3.aux) (Chapters/conclusion.aux))
Package atveryend Info: Executing hook `AtVeryEndDocument' on input line 79.
Package atveryend Info: Empty hook `AtEndAfterFileList' on input line 79.


LaTeX Warning: There were undefined references.

Package atveryend Info: Empty hook `AtVeryVeryEnd' on input line 79.
 ) 
Here is how much of TeX's memory you used:
 41853 strings out of 492895
 759061 string characters out of 3133450
 940808 words of memory out of 3000000
 44215 multiletter control sequences out of 15000+200000
 663900 words of font info for 333 fonts, out of 3000000 for 9000
 1141 hyphenation exceptions out of 8191
 66i,13n,87p,2807b,1119s stack positions out of 5000i,500n,10000p,200000b,50000s
{C:/Program Files/MiKTeX 2.9/fonts/enc/dvips/base/8r.enc}<C:/Program Files/Mi
KTeX 2.9/fonts/type1/bitstrea/charter/bchb8a.pfb><C:/Program Files/MiKTeX 2.9/f
onts/type1/bitstrea/charter/bchb8a.pfb><C:/Program Files/MiKTeX 2.9/fonts/type1
/bitstrea/charter/bchr8a.pfb><C:/Program Files/MiKTeX 2.9/fonts/type1/bitstrea/
charter/bchr8a.pfb><C:/Program Files/MiKTeX 2.9/fonts/type1/bitstrea/charter/bc
hri8a.pfb><C:/Program Files/MiKTeX 2.9/fonts/type1/public/amsfonts/cm/cmmi10.pf
b><C:/Program Files/MiKTeX 2.9/fonts/type1/public/amsfonts/cm/cmr10.pfb><C:/Pro
gram Files/MiKTeX 2.9/fonts/type1/public/amsfonts/cm/cmsy10.pfb><C:/Program Fil
es/MiKTeX 2.9/fonts/type1/public/mathpazo/fplmr.pfb><C:/Program Files/MiKTeX 2.
9/fonts/type1/public/mathpazo/fplmri.pfb><C:/Program Files/MiKTeX 2.9/fonts/typ
e1/public/fpl/fplrc8a.pfb><C:/Program Files/MiKTeX 2.9/fonts/type1/urw/palatino
/uplr8a.pfb><C:/Program Files/MiKTeX 2.9/fonts/type1/urw/palatino/uplri8a.pfb>
Output written on Memoire_Stephane_Nkeuga.pdf (76 pages, 2921797 bytes).
PDF statistics:
 938 PDF objects out of 1000 (max. 8388607)
 210 named destinations out of 1000 (max. 500000)
 49738 words of extra memory for PDF output out of 51595 (max. 10000000)

